[ 2015-09-05T07:38:27+08:00 ] 127.0.0.1 /sunyan2015/022/Public/js/jquery-1.7.2.min
INFO: [ app_init ] --START--
INFO: Run Behavior\BuildLiteBehavior [ RunTime:0.000000s ]
INFO: [ app_init ] --END-- [ RunTime:0.000000s ]
ERR: 无法加载模块:Public

[ 2015-09-05T07:39:23+08:00 ] 127.0.0.1 /sunyan2015/022/Public/js/jquery-1.7.2.min
INFO: [ app_init ] --START--
INFO: Run Behavior\BuildLiteBehavior [ RunTime:0.000000s ]
INFO: [ app_init ] --END-- [ RunTime:0.001000s ]
ERR: 无法加载模块:Public

[ 2015-09-05T07:39:25+08:00 ] 127.0.0.1 /sunyan2015/022/Public/js/jquery-1.7.2.min
INFO: [ app_init ] --START--
INFO: Run Behavior\BuildLiteBehavior [ RunTime:0.000000s ]
INFO: [ app_init ] --END-- [ RunTime:0.000000s ]
ERR: 无法加载模块:Public

[ 2015-09-05T07:39:59+08:00 ] 127.0.0.1 /sunyan2015/022/Public/js/jquery-1.7.2.min
INFO: [ app_init ] --START--
INFO: Run Behavior\BuildLiteBehavior [ RunTime:0.000000s ]
INFO: [ app_init ] --END-- [ RunTime:0.001000s ]
ERR: 无法加载模块:Public

[ 2015-09-05T07:41:57+08:00 ] 127.0.0.1 /sunyan2015/022/Public/js/jquery-1.7.2.min
INFO: [ app_init ] --START--
INFO: Run Behavior\BuildLiteBehavior [ RunTime:0.000000s ]
INFO: [ app_init ] --END-- [ RunTime:0.001000s ]
ERR: 无法加载模块:Public

[ 2015-09-05T07:49:32+08:00 ] 127.0.0.1 /sunyan2015/022/Public/js/jquery-1.7.2.min
INFO: [ app_init ] --START--
INFO: Run Behavior\BuildLiteBehavior [ RunTime:0.000000s ]
INFO: [ app_init ] --END-- [ RunTime:0.000000s ]
ERR: 无法加载模块:Public

[ 2015-09-05T07:50:21+08:00 ] 127.0.0.1 /sunyan2015/022/Public/js/jquery-1.7.2.min
INFO: [ app_init ] --START--
INFO: Run Behavior\BuildLiteBehavior [ RunTime:0.000000s ]
INFO: [ app_init ] --END-- [ RunTime:0.000000s ]
ERR: 无法加载模块:Public

[ 2015-09-05T07:53:27+08:00 ] 127.0.0.1 /sunyan2015/022/Public/js/jquery-1.7.2.min
INFO: [ app_init ] --START--
INFO: Run Behavior\BuildLiteBehavior [ RunTime:0.000000s ]
INFO: [ app_init ] --END-- [ RunTime:0.001000s ]
ERR: 无法加载模块:Public

[ 2015-09-05T07:53:28+08:00 ] 127.0.0.1 /sunyan2015/022/Public/js/jquery-1.7.2.min
INFO: [ app_init ] --START--
INFO: Run Behavior\BuildLiteBehavior [ RunTime:0.000000s ]
INFO: [ app_init ] --END-- [ RunTime:0.001000s ]
ERR: 无法加载模块:Public

[ 2015-09-05T07:56:16+08:00 ] 127.0.0.1 /sunyan2015/022/Public/js/jquery-1.7.2.min
INFO: [ app_init ] --START--
INFO: Run Behavior\BuildLiteBehavior [ RunTime:0.000000s ]
INFO: [ app_init ] --END-- [ RunTime:0.001000s ]
ERR: 无法加载模块:Public

[ 2015-09-05T08:14:12+08:00 ] 127.0.0.1 /sunyan2015/022/Public/js/jquery-1.7.2.min
INFO: [ app_init ] --START--
INFO: Run Behavior\BuildLiteBehavior [ RunTime:0.000000s ]
INFO: [ app_init ] --END-- [ RunTime:0.001000s ]
ERR: 无法加载模块:Public

[ 2015-09-05T08:14:15+08:00 ] 127.0.0.1 /sunyan2015/022/Public/js/jquery-1.7.2.min
INFO: [ app_init ] --START--
INFO: Run Behavior\BuildLiteBehavior [ RunTime:0.000000s ]
INFO: [ app_init ] --END-- [ RunTime:0.001000s ]
ERR: 无法加载模块:Public

[ 2015-09-05T08:15:20+08:00 ] 127.0.0.1 /sunyan2015/022/Public/js/jquery-1.7.2.min
INFO: [ app_init ] --START--
INFO: Run Behavior\BuildLiteBehavior [ RunTime:0.000000s ]
INFO: [ app_init ] --END-- [ RunTime:0.001000s ]
ERR: 无法加载模块:Public

[ 2015-09-05T08:15:36+08:00 ] 127.0.0.1 /sunyan2015/022/Public/js/jquery-1.7.2.min
INFO: [ app_init ] --START--
INFO: Run Behavior\BuildLiteBehavior [ RunTime:0.000000s ]
INFO: [ app_init ] --END-- [ RunTime:0.000000s ]
ERR: 无法加载模块:Public

[ 2015-09-05T08:16:26+08:00 ] 127.0.0.1 /sunyan2015/022/Public/js/jquery-1.7.2.min
INFO: [ app_init ] --START--
INFO: Run Behavior\BuildLiteBehavior [ RunTime:0.001000s ]
INFO: [ app_init ] --END-- [ RunTime:0.001000s ]
ERR: 无法加载模块:Public

[ 2015-09-05T08:16:27+08:00 ] 127.0.0.1 /sunyan2015/022/Public/js/jquery-1.7.2.min
INFO: [ app_init ] --START--
INFO: Run Behavior\BuildLiteBehavior [ RunTime:0.000000s ]
INFO: [ app_init ] --END-- [ RunTime:0.000000s ]
ERR: 无法加载模块:Public

[ 2015-09-05T08:16:57+08:00 ] 127.0.0.1 /sunyan2015/022/Public/js/jquery-1.7.2.min
INFO: [ app_init ] --START--
INFO: Run Behavior\BuildLiteBehavior [ RunTime:0.000000s ]
INFO: [ app_init ] --END-- [ RunTime:0.000000s ]
ERR: 无法加载模块:Public

[ 2015-09-05T08:18:16+08:00 ] 127.0.0.1 /sunyan2015/022/Public/js/jquery-1.7.2.min
INFO: [ app_init ] --START--
INFO: Run Behavior\BuildLiteBehavior [ RunTime:0.000000s ]
INFO: [ app_init ] --END-- [ RunTime:0.000000s ]
ERR: 无法加载模块:Public

[ 2015-09-05T08:18:46+08:00 ] 127.0.0.1 /sunyan2015/022/Public/js/jquery-1.7.2.min
INFO: [ app_init ] --START--
INFO: Run Behavior\BuildLiteBehavior [ RunTime:0.000000s ]
INFO: [ app_init ] --END-- [ RunTime:0.001000s ]
ERR: 无法加载模块:Public

[ 2015-09-05T08:22:48+08:00 ] 127.0.0.1 /sunyan2015/022/Public/js/jquery-1.7.2.min
INFO: [ app_init ] --START--
INFO: Run Behavior\BuildLiteBehavior [ RunTime:0.000000s ]
INFO: [ app_init ] --END-- [ RunTime:0.001000s ]
ERR: 无法加载模块:Public

[ 2015-09-05T08:23:19+08:00 ] 127.0.0.1 /sunyan2015/022/Public/js/jquery-1.7.2.min
INFO: [ app_init ] --START--
INFO: Run Behavior\BuildLiteBehavior [ RunTime:0.000000s ]
INFO: [ app_init ] --END-- [ RunTime:0.000000s ]
ERR: 无法加载模块:Public

[ 2015-09-05T08:23:58+08:00 ] 127.0.0.1 /sunyan2015/022/Public/js/jquery-1.7.2.min
INFO: [ app_init ] --START--
INFO: Run Behavior\BuildLiteBehavior [ RunTime:0.000000s ]
INFO: [ app_init ] --END-- [ RunTime:0.001000s ]
ERR: 无法加载模块:Public

[ 2015-09-05T08:24:16+08:00 ] 127.0.0.1 /sunyan2015/022/Public/js/jquery-1.7.2.min
INFO: [ app_init ] --START--
INFO: Run Behavior\BuildLiteBehavior [ RunTime:0.000000s ]
INFO: [ app_init ] --END-- [ RunTime:0.001000s ]
ERR: 无法加载模块:Public

[ 2015-09-05T08:24:18+08:00 ] 127.0.0.1 /sunyan2015/022/Public/js/jquery-1.7.2.min
INFO: [ app_init ] --START--
INFO: Run Behavior\BuildLiteBehavior [ RunTime:0.000000s ]
INFO: [ app_init ] --END-- [ RunTime:0.001000s ]
ERR: 无法加载模块:Public

[ 2015-09-05T08:24:19+08:00 ] 127.0.0.1 /sunyan2015/022/Public/js/jquery-1.7.2.min
INFO: [ app_init ] --START--
INFO: Run Behavior\BuildLiteBehavior [ RunTime:0.000000s ]
INFO: [ app_init ] --END-- [ RunTime:0.000000s ]
ERR: 无法加载模块:Public

[ 2015-09-05T08:25:02+08:00 ] 127.0.0.1 /sunyan2015/022/Public/js/jquery-1.7.2.min
INFO: [ app_init ] --START--
INFO: Run Behavior\BuildLiteBehavior [ RunTime:0.000000s ]
INFO: [ app_init ] --END-- [ RunTime:0.001000s ]
ERR: 无法加载模块:Public

[ 2015-09-05T08:25:03+08:00 ] 127.0.0.1 /sunyan2015/022/Public/js/jquery-1.7.2.min
INFO: [ app_init ] --START--
INFO: Run Behavior\BuildLiteBehavior [ RunTime:0.000000s ]
INFO: [ app_init ] --END-- [ RunTime:0.000000s ]
ERR: 无法加载模块:Public

[ 2015-09-05T08:25:32+08:00 ] 127.0.0.1 /sunyan2015/022/Public/js/jquery-1.7.2.min
INFO: [ app_init ] --START--
INFO: Run Behavior\BuildLiteBehavior [ RunTime:0.000000s ]
INFO: [ app_init ] --END-- [ RunTime:0.000000s ]
ERR: 无法加载模块:Public

[ 2015-09-05T08:25:54+08:00 ] 127.0.0.1 /sunyan2015/022/Public/js/jquery-1.7.2.min
INFO: [ app_init ] --START--
INFO: Run Behavior\BuildLiteBehavior [ RunTime:0.000000s ]
INFO: [ app_init ] --END-- [ RunTime:0.000000s ]
ERR: 无法加载模块:Public

[ 2015-09-05T08:25:55+08:00 ] 127.0.0.1 /sunyan2015/022/Public/js/jquery-1.7.2.min
INFO: [ app_init ] --START--
INFO: Run Behavior\BuildLiteBehavior [ RunTime:0.000000s ]
INFO: [ app_init ] --END-- [ RunTime:0.001000s ]
ERR: 无法加载模块:Public

[ 2015-09-05T08:26:08+08:00 ] 127.0.0.1 /sunyan2015/022/Public/js/jquery-1.7.2.min
INFO: [ app_init ] --START--
INFO: Run Behavior\BuildLiteBehavior [ RunTime:0.000000s ]
INFO: [ app_init ] --END-- [ RunTime:0.001000s ]
ERR: 无法加载模块:Public

[ 2015-09-05T08:26:18+08:00 ] 127.0.0.1 /sunyan2015/022/Public/js/jquery-1.7.2.min
INFO: [ app_init ] --START--
INFO: Run Behavior\BuildLiteBehavior [ RunTime:0.000000s ]
INFO: [ app_init ] --END-- [ RunTime:0.000000s ]
ERR: 无法加载模块:Public

[ 2015-09-05T08:26:57+08:00 ] 127.0.0.1 /sunyan2015/022/Public/js/jquery-1.7.2.min
INFO: [ app_init ] --START--
INFO: Run Behavior\BuildLiteBehavior [ RunTime:0.000000s ]
INFO: [ app_init ] --END-- [ RunTime:0.000000s ]
ERR: 无法加载模块:Public

[ 2015-09-05T08:27:59+08:00 ] 127.0.0.1 /sunyan2015/022/Public/js/jquery-1.7.2.min
INFO: [ app_init ] --START--
INFO: Run Behavior\BuildLiteBehavior [ RunTime:0.000000s ]
INFO: [ app_init ] --END-- [ RunTime:0.001000s ]
ERR: 无法加载模块:Public

[ 2015-09-05T08:28:49+08:00 ] 127.0.0.1 /sunyan2015/022/Public/js/jquery-1.7.2.min
INFO: [ app_init ] --START--
INFO: Run Behavior\BuildLiteBehavior [ RunTime:0.000000s ]
INFO: [ app_init ] --END-- [ RunTime:0.000000s ]
ERR: 无法加载模块:Public

[ 2015-09-05T08:29:55+08:00 ] 127.0.0.1 /sunyan2015/022/Public/js/jquery-1.7.2.min
INFO: [ app_init ] --START--
INFO: Run Behavior\BuildLiteBehavior [ RunTime:0.000000s ]
INFO: [ app_init ] --END-- [ RunTime:0.001000s ]
ERR: 无法加载模块:Public

[ 2015-09-05T08:30:17+08:00 ] 127.0.0.1 /sunyan2015/022/Public/js/jquery-1.7.2.min
INFO: [ app_init ] --START--
INFO: Run Behavior\BuildLiteBehavior [ RunTime:0.000000s ]
INFO: [ app_init ] --END-- [ RunTime:0.001000s ]
ERR: 无法加载模块:Public

[ 2015-09-05T08:30:55+08:00 ] 127.0.0.1 /sunyan2015/022/Public/js/jquery-1.7.2.min
INFO: [ app_init ] --START--
INFO: Run Behavior\BuildLiteBehavior [ RunTime:0.000000s ]
INFO: [ app_init ] --END-- [ RunTime:0.001000s ]
ERR: 无法加载模块:Public

[ 2015-09-05T08:31:36+08:00 ] 127.0.0.1 /sunyan2015/022/Public/js/jquery-1.7.2.min
INFO: [ app_init ] --START--
INFO: Run Behavior\BuildLiteBehavior [ RunTime:0.000000s ]
INFO: [ app_init ] --END-- [ RunTime:0.000000s ]
ERR: 无法加载模块:Public

[ 2015-09-05T08:32:07+08:00 ] 127.0.0.1 /sunyan2015/022/Public/js/jquery-1.7.2.min
INFO: [ app_init ] --START--
INFO: Run Behavior\BuildLiteBehavior [ RunTime:0.000000s ]
INFO: [ app_init ] --END-- [ RunTime:0.001000s ]
ERR: 无法加载模块:Public

[ 2015-09-05T08:44:32+08:00 ] 127.0.0.1 /sunyan2015/022/Public/js/jquery-1.7.2.min
INFO: [ app_init ] --START--
INFO: Run Behavior\BuildLiteBehavior [ RunTime:0.000000s ]
INFO: [ app_init ] --END-- [ RunTime:0.000000s ]
ERR: 无法加载模块:Public

[ 2015-09-05T08:45:11+08:00 ] 127.0.0.1 /sunyan2015/022/Public/js/jquery-1.7.2.min
INFO: [ app_init ] --START--
INFO: Run Behavior\BuildLiteBehavior [ RunTime:0.000000s ]
INFO: [ app_init ] --END-- [ RunTime:0.001000s ]
ERR: 无法加载模块:Public

[ 2015-09-05T08:45:12+08:00 ] 127.0.0.1 /sunyan2015/022/Public/js/jquery-1.7.2.min
INFO: [ app_init ] --START--
INFO: Run Behavior\BuildLiteBehavior [ RunTime:0.000000s ]
INFO: [ app_init ] --END-- [ RunTime:0.001000s ]
ERR: 无法加载模块:Public

[ 2015-09-05T08:46:38+08:00 ] 127.0.0.1 /sunyan2015/022/Public/js/jquery-1.7.2.min
INFO: [ app_init ] --START--
INFO: Run Behavior\BuildLiteBehavior [ RunTime:0.000000s ]
INFO: [ app_init ] --END-- [ RunTime:0.001001s ]
ERR: 无法加载模块:Public

[ 2015-09-05T08:47:03+08:00 ] 127.0.0.1 /sunyan2015/022/Public/js/jquery-1.7.2.min
INFO: [ app_init ] --START--
INFO: Run Behavior\BuildLiteBehavior [ RunTime:0.000000s ]
INFO: [ app_init ] --END-- [ RunTime:0.000000s ]
ERR: 无法加载模块:Public

[ 2015-09-05T08:47:04+08:00 ] 127.0.0.1 /sunyan2015/022/Public/js/jquery-1.7.2.min
INFO: [ app_init ] --START--
INFO: Run Behavior\BuildLiteBehavior [ RunTime:0.000000s ]
INFO: [ app_init ] --END-- [ RunTime:0.001000s ]
ERR: 无法加载模块:Public

[ 2015-09-05T08:47:38+08:00 ] 127.0.0.1 /sunyan2015/022/Public/js/jquery-1.7.2.min
INFO: [ app_init ] --START--
INFO: Run Behavior\BuildLiteBehavior [ RunTime:0.000000s ]
INFO: [ app_init ] --END-- [ RunTime:0.001000s ]
ERR: 无法加载模块:Public

[ 2015-09-05T08:48:27+08:00 ] 127.0.0.1 /sunyan2015/022/Public/js/jquery-1.7.2.min
INFO: [ app_init ] --START--
INFO: Run Behavior\BuildLiteBehavior [ RunTime:0.000000s ]
INFO: [ app_init ] --END-- [ RunTime:0.000000s ]
ERR: 无法加载模块:Public

[ 2015-09-05T08:48:36+08:00 ] 127.0.0.1 /sunyan2015/022/Public/js/jquery-1.7.2.min
INFO: [ app_init ] --START--
INFO: Run Behavior\BuildLiteBehavior [ RunTime:0.000000s ]
INFO: [ app_init ] --END-- [ RunTime:0.000000s ]
ERR: 无法加载模块:Public

[ 2015-09-05T08:48:56+08:00 ] 127.0.0.1 /sunyan2015/022/Public/js/jquery-1.7.2.min
INFO: [ app_init ] --START--
INFO: Run Behavior\BuildLiteBehavior [ RunTime:0.000000s ]
INFO: [ app_init ] --END-- [ RunTime:0.001000s ]
ERR: 无法加载模块:Public

[ 2015-09-05T08:50:46+08:00 ] 127.0.0.1 /sunyan2015/022/Public/js/jquery-1.7.2.min
INFO: [ app_init ] --START--
INFO: Run Behavior\BuildLiteBehavior [ RunTime:0.000000s ]
INFO: [ app_init ] --END-- [ RunTime:0.000000s ]
ERR: 无法加载模块:Public

[ 2015-09-05T08:52:03+08:00 ] 127.0.0.1 /sunyan2015/022/Public/js/jquery-1.7.2.min
INFO: [ app_init ] --START--
INFO: Run Behavior\BuildLiteBehavior [ RunTime:0.000000s ]
INFO: [ app_init ] --END-- [ RunTime:0.001000s ]
ERR: 无法加载模块:Public

[ 2015-09-05T08:52:45+08:00 ] 127.0.0.1 /sunyan2015/022/Public/js/jquery-1.7.2.min
INFO: [ app_init ] --START--
INFO: Run Behavior\BuildLiteBehavior [ RunTime:0.000000s ]
INFO: [ app_init ] --END-- [ RunTime:0.001000s ]
ERR: 无法加载模块:Public

[ 2015-09-05T09:00:42+08:00 ] 127.0.0.1 /sunyan2015/022/Public/js/jquery-1.7.2.min
INFO: [ app_init ] --START--
INFO: Run Behavior\BuildLiteBehavior [ RunTime:0.001000s ]
INFO: [ app_init ] --END-- [ RunTime:0.001000s ]
ERR: 无法加载模块:Public

[ 2015-09-05T09:01:39+08:00 ] 127.0.0.1 /sunyan2015/022/Public/js/jquery-1.7.2.min
INFO: [ app_init ] --START--
INFO: Run Behavior\BuildLiteBehavior [ RunTime:0.000000s ]
INFO: [ app_init ] --END-- [ RunTime:0.000000s ]
ERR: 无法加载模块:Public

[ 2015-09-05T09:01:39+08:00 ] 127.0.0.1 /sunyan2015/022/Public/image/Lighthouse.jpeg
INFO: [ app_init ] --START--
INFO: Run Behavior\BuildLiteBehavior [ RunTime:0.000000s ]
INFO: [ app_init ] --END-- [ RunTime:0.001000s ]
ERR: 无法加载模块:Public

[ 2015-09-05T09:01:40+08:00 ] 127.0.0.1 /sunyan2015/022/Public/js/jquery-1.7.2.min
INFO: [ app_init ] --START--
INFO: Run Behavior\BuildLiteBehavior [ RunTime:0.000000s ]
INFO: [ app_init ] --END-- [ RunTime:0.001000s ]
ERR: 无法加载模块:Public

[ 2015-09-05T09:01:40+08:00 ] 127.0.0.1 /sunyan2015/022/Public/image/Lighthouse.jpeg
INFO: [ app_init ] --START--
INFO: Run Behavior\BuildLiteBehavior [ RunTime:0.000000s ]
INFO: [ app_init ] --END-- [ RunTime:0.000000s ]
ERR: 无法加载模块:Public

[ 2015-09-05T09:01:45+08:00 ] 127.0.0.1 /sunyan2015/022/Public/image/Lighthouse.jpeg
INFO: [ app_init ] --START--
INFO: Run Behavior\BuildLiteBehavior [ RunTime:0.000000s ]
INFO: [ app_init ] --END-- [ RunTime:0.000000s ]
ERR: 无法加载模块:Public

[ 2015-09-05T09:02:51+08:00 ] 127.0.0.1 /sunyan2015/022/Public/image/Lighthouse.jpeg
INFO: [ app_init ] --START--
INFO: Run Behavior\BuildLiteBehavior [ RunTime:0.000000s ]
INFO: [ app_init ] --END-- [ RunTime:0.001000s ]
ERR: 无法加载模块:Public

[ 2015-09-05T09:02:55+08:00 ] 127.0.0.1 /sunyan2015/022/Public/js/jquery-1.7.2.min
INFO: [ app_init ] --START--
INFO: Run Behavior\BuildLiteBehavior [ RunTime:0.000000s ]
INFO: [ app_init ] --END-- [ RunTime:0.001001s ]
ERR: 无法加载模块:Public

[ 2015-09-05T09:04:18+08:00 ] 127.0.0.1 /sunyan2015/022/Public/js/jquery-1.7.2.min
INFO: [ app_init ] --START--
INFO: Run Behavior\BuildLiteBehavior [ RunTime:0.000000s ]
INFO: [ app_init ] --END-- [ RunTime:0.001000s ]
ERR: 无法加载模块:Public

[ 2015-09-05T09:04:18+08:00 ] 127.0.0.1 /sunyan2015/022/Public/image/Lighthouse.jpeg
INFO: [ app_init ] --START--
INFO: Run Behavior\BuildLiteBehavior [ RunTime:0.000000s ]
INFO: [ app_init ] --END-- [ RunTime:0.001000s ]
ERR: 无法加载模块:Public

[ 2015-09-05T09:04:24+08:00 ] 127.0.0.1 /sunyan2015/022/Public/image/Lighthouse.jpeg
INFO: [ app_init ] --START--
INFO: Run Behavior\BuildLiteBehavior [ RunTime:0.000000s ]
INFO: [ app_init ] --END-- [ RunTime:0.000000s ]
ERR: 无法加载模块:Public

[ 2015-09-05T09:22:37+08:00 ] 127.0.0.1 /sunyan2015/022/Public/js/jquery-1.7.2.min
INFO: [ app_init ] --START--
INFO: Run Behavior\BuildLiteBehavior [ RunTime:0.000000s ]
INFO: [ app_init ] --END-- [ RunTime:0.001000s ]
ERR: 无法加载模块:Public

[ 2015-09-05T09:22:38+08:00 ] 127.0.0.1 /sunyan2015/022/Public/image/Lighthouse.jpeg
INFO: [ app_init ] --START--
INFO: Run Behavior\BuildLiteBehavior [ RunTime:0.001000s ]
INFO: [ app_init ] --END-- [ RunTime:0.001000s ]
ERR: 无法加载模块:Public

[ 2015-09-05T09:22:44+08:00 ] 127.0.0.1 /sunyan2015/022/Public/js/jquery-1.7.2.min
INFO: [ app_init ] --START--
INFO: Run Behavior\BuildLiteBehavior [ RunTime:0.000000s ]
INFO: [ app_init ] --END-- [ RunTime:0.000000s ]
ERR: 无法加载模块:Public

[ 2015-09-05T09:22:44+08:00 ] 127.0.0.1 /sunyan2015/022/Public/image/Lighthouse.jpeg
INFO: [ app_init ] --START--
INFO: Run Behavior\BuildLiteBehavior [ RunTime:0.000000s ]
INFO: [ app_init ] --END-- [ RunTime:0.000000s ]
ERR: 无法加载模块:Public

[ 2015-09-05T09:22:45+08:00 ] 127.0.0.1 /sunyan2015/022/Public/js/jquery-1.7.2.min
INFO: [ app_init ] --START--
INFO: Run Behavior\BuildLiteBehavior [ RunTime:0.000000s ]
INFO: [ app_init ] --END-- [ RunTime:0.000000s ]
ERR: 无法加载模块:Public

[ 2015-09-05T09:22:45+08:00 ] 127.0.0.1 /sunyan2015/022/Public/image/Lighthouse.jpeg
INFO: [ app_init ] --START--
INFO: Run Behavior\BuildLiteBehavior [ RunTime:0.000000s ]
INFO: [ app_init ] --END-- [ RunTime:0.001000s ]
ERR: 无法加载模块:Public

[ 2015-09-05T09:22:46+08:00 ] 127.0.0.1 /sunyan2015/022/Public/js/jquery-1.7.2.min
INFO: [ app_init ] --START--
INFO: Run Behavior\BuildLiteBehavior [ RunTime:0.000000s ]
INFO: [ app_init ] --END-- [ RunTime:0.000000s ]
ERR: 无法加载模块:Public

[ 2015-09-05T09:22:46+08:00 ] 127.0.0.1 /sunyan2015/022/Public/image/Lighthouse.jpeg
INFO: [ app_init ] --START--
INFO: Run Behavior\BuildLiteBehavior [ RunTime:0.000000s ]
INFO: [ app_init ] --END-- [ RunTime:0.001000s ]
ERR: 无法加载模块:Public

[ 2015-09-05T09:22:47+08:00 ] 127.0.0.1 /sunyan2015/022/Public/js/jquery-1.7.2.min
INFO: [ app_init ] --START--
INFO: Run Behavior\BuildLiteBehavior [ RunTime:0.000000s ]
INFO: [ app_init ] --END-- [ RunTime:0.001000s ]
ERR: 无法加载模块:Public

[ 2015-09-05T09:22:47+08:00 ] 127.0.0.1 /sunyan2015/022/Public/image/Lighthouse.jpeg
INFO: [ app_init ] --START--
INFO: Run Behavior\BuildLiteBehavior [ RunTime:0.000000s ]
INFO: [ app_init ] --END-- [ RunTime:0.000000s ]
ERR: 无法加载模块:Public

[ 2015-09-05T09:23:04+08:00 ] 127.0.0.1 /sunyan2015/022/Public/js/jquery-1.7.2.min
INFO: [ app_init ] --START--
INFO: Run Behavior\BuildLiteBehavior [ RunTime:0.000000s ]
INFO: [ app_init ] --END-- [ RunTime:0.000000s ]
ERR: 无法加载模块:Public

[ 2015-09-05T09:23:19+08:00 ] 127.0.0.1 /sunyan2015/022/Public/js/jquery-1.7.2.min
INFO: [ app_init ] --START--
INFO: Run Behavior\BuildLiteBehavior [ RunTime:0.000000s ]
INFO: [ app_init ] --END-- [ RunTime:0.001001s ]
ERR: 无法加载模块:Public

[ 2015-09-05T09:23:42+08:00 ] 127.0.0.1 /sunyan2015/022/Public/js/jquery-1.7.2.min
INFO: [ app_init ] --START--
INFO: Run Behavior\BuildLiteBehavior [ RunTime:0.001000s ]
INFO: [ app_init ] --END-- [ RunTime:0.001000s ]
ERR: 无法加载模块:Public

[ 2015-09-05T09:24:25+08:00 ] 127.0.0.1 /sunyan2015/022/Public/js/jquery-1.7.2.min
INFO: [ app_init ] --START--
INFO: Run Behavior\BuildLiteBehavior [ RunTime:0.000000s ]
INFO: [ app_init ] --END-- [ RunTime:0.001000s ]
ERR: 无法加载模块:Public

[ 2015-09-05T09:25:02+08:00 ] 127.0.0.1 /sunyan2015/022/Public/js/jquery-1.7.2.min
INFO: [ app_init ] --START--
INFO: Run Behavior\BuildLiteBehavior [ RunTime:0.000000s ]
INFO: [ app_init ] --END-- [ RunTime:0.000000s ]
ERR: 无法加载模块:Public

[ 2015-09-05T09:28:20+08:00 ] 127.0.0.1 /sunyan2015/022/Public/js/jquery-1.7.2.min
INFO: [ app_init ] --START--
INFO: Run Behavior\BuildLiteBehavior [ RunTime:0.000000s ]
INFO: [ app_init ] --END-- [ RunTime:0.000000s ]
ERR: 无法加载模块:Public

[ 2015-09-05T09:29:01+08:00 ] 127.0.0.1 /sunyan2015/022/Public/js/jquery-1.7.2.min
INFO: [ app_init ] --START--
INFO: Run Behavior\BuildLiteBehavior [ RunTime:0.000000s ]
INFO: [ app_init ] --END-- [ RunTime:0.001000s ]
ERR: 无法加载模块:Public

[ 2015-09-05T09:29:36+08:00 ] 127.0.0.1 /sunyan2015/022/Public/js/jquery-1.7.2.min
INFO: [ app_init ] --START--
INFO: Run Behavior\BuildLiteBehavior [ RunTime:0.000000s ]
INFO: [ app_init ] --END-- [ RunTime:0.001000s ]
ERR: 无法加载模块:Public

[ 2015-09-05T09:31:37+08:00 ] 127.0.0.1 /sunyan2015/022/Public/js/jquery-1.7.2.min
INFO: [ app_init ] --START--
INFO: Run Behavior\BuildLiteBehavior [ RunTime:0.000000s ]
INFO: [ app_init ] --END-- [ RunTime:0.000000s ]
ERR: 无法加载模块:Public

[ 2015-09-05T09:32:22+08:00 ] 127.0.0.1 /sunyan2015/022/Public/js/jquery-1.7.2.min
INFO: [ app_init ] --START--
INFO: Run Behavior\BuildLiteBehavior [ RunTime:0.000000s ]
INFO: [ app_init ] --END-- [ RunTime:0.000000s ]
ERR: 无法加载模块:Public

[ 2015-09-05T09:33:29+08:00 ] 127.0.0.1 /sunyan2015/022/Public/js/jquery-1.7.2.min
INFO: [ app_init ] --START--
INFO: Run Behavior\BuildLiteBehavior [ RunTime:0.000000s ]
INFO: [ app_init ] --END-- [ RunTime:0.001000s ]
ERR: 无法加载模块:Public

[ 2015-09-05T09:34:48+08:00 ] 127.0.0.1 /sunyan2015/022/Public/js/jquery-1.7.2.min
INFO: [ app_init ] --START--
INFO: Run Behavior\BuildLiteBehavior [ RunTime:0.000000s ]
INFO: [ app_init ] --END-- [ RunTime:0.001000s ]
ERR: 无法加载模块:Public

[ 2015-09-05T09:34:59+08:00 ] 127.0.0.1 /sunyan2015/022/Public/js/jquery-1.7.2.min
INFO: [ app_init ] --START--
INFO: Run Behavior\BuildLiteBehavior [ RunTime:0.000000s ]
INFO: [ app_init ] --END-- [ RunTime:0.001000s ]
ERR: 无法加载模块:Public

[ 2015-09-05T09:35:21+08:00 ] 127.0.0.1 /sunyan2015/022/Public/js/jquery-1.7.2.min
INFO: [ app_init ] --START--
INFO: Run Behavior\BuildLiteBehavior [ RunTime:0.000000s ]
INFO: [ app_init ] --END-- [ RunTime:0.000000s ]
ERR: 无法加载模块:Public

[ 2015-09-05T09:35:34+08:00 ] 127.0.0.1 /sunyan2015/022/Public/js/jquery-1.7.2.min
INFO: [ app_init ] --START--
INFO: Run Behavior\BuildLiteBehavior [ RunTime:0.000000s ]
INFO: [ app_init ] --END-- [ RunTime:0.000000s ]
ERR: 无法加载模块:Public

[ 2015-09-05T09:36:14+08:00 ] 127.0.0.1 /sunyan2015/022/Public/js/jquery-1.7.2.min
INFO: [ app_init ] --START--
INFO: Run Behavior\BuildLiteBehavior [ RunTime:0.000000s ]
INFO: [ app_init ] --END-- [ RunTime:0.000000s ]
ERR: 无法加载模块:Public

[ 2015-09-05T09:36:28+08:00 ] 127.0.0.1 /sunyan2015/022/Public/js/jquery-1.7.2.min
INFO: [ app_init ] --START--
INFO: Run Behavior\BuildLiteBehavior [ RunTime:0.000000s ]
INFO: [ app_init ] --END-- [ RunTime:0.001000s ]
ERR: 无法加载模块:Public

[ 2015-09-05T09:36:57+08:00 ] 127.0.0.1 /sunyan2015/022/Public/js/jquery-1.7.2.min
INFO: [ app_init ] --START--
INFO: Run Behavior\BuildLiteBehavior [ RunTime:0.000000s ]
INFO: [ app_init ] --END-- [ RunTime:0.000000s ]
ERR: 无法加载模块:Public

[ 2015-09-05T09:39:04+08:00 ] 127.0.0.1 /sunyan2015/022/Public/js/jquery-1.7.2.min
INFO: [ app_init ] --START--
INFO: Run Behavior\BuildLiteBehavior [ RunTime:0.000000s ]
INFO: [ app_init ] --END-- [ RunTime:0.001000s ]
ERR: 无法加载模块:Public

[ 2015-09-05T09:39:04+08:00 ] 127.0.0.1 /sunyan2015/022/Public/image/Lighthouse.jpeg
INFO: [ app_init ] --START--
INFO: Run Behavior\BuildLiteBehavior [ RunTime:0.000000s ]
INFO: [ app_init ] --END-- [ RunTime:0.000000s ]
ERR: 无法加载模块:Public

[ 2015-09-05T09:49:57+08:00 ] 127.0.0.1 /sunyan2015/022/Public/js/jquery-1.7.2.min
INFO: [ app_init ] --START--
INFO: Run Behavior\BuildLiteBehavior [ RunTime:0.000000s ]
INFO: [ app_init ] --END-- [ RunTime:0.001000s ]
ERR: 无法加载模块:Public

[ 2015-09-05T09:49:57+08:00 ] 127.0.0.1 /sunyan2015/022/Public/image/Lighthouse.jpeg
INFO: [ app_init ] --START--
INFO: Run Behavior\BuildLiteBehavior [ RunTime:0.000000s ]
INFO: [ app_init ] --END-- [ RunTime:0.001000s ]
ERR: 无法加载模块:Public

[ 2015-09-05T09:50:00+08:00 ] 127.0.0.1 /sunyan2015/022/Public/js/jquery-1.7.2.min
INFO: [ app_init ] --START--
INFO: Run Behavior\BuildLiteBehavior [ RunTime:0.000000s ]
INFO: [ app_init ] --END-- [ RunTime:0.001000s ]
ERR: 无法加载模块:Public

[ 2015-09-05T09:50:02+08:00 ] 127.0.0.1 /sunyan2015/022/Public/js/jquery-1.7.2.min
INFO: [ app_init ] --START--
INFO: Run Behavior\BuildLiteBehavior [ RunTime:0.000000s ]
INFO: [ app_init ] --END-- [ RunTime:0.000000s ]
ERR: 无法加载模块:Public

[ 2015-09-05T10:08:37+08:00 ] 127.0.0.1 /sunyan2015/022/Public/js/jquery-1.7.2.min
INFO: [ app_init ] --START--
INFO: Run Behavior\BuildLiteBehavior [ RunTime:0.000000s ]
INFO: [ app_init ] --END-- [ RunTime:0.000000s ]
ERR: 无法加载模块:Public

[ 2015-09-05T10:08:38+08:00 ] 127.0.0.1 /sunyan2015/022/Public/js/jquery-1.7.2.min
INFO: [ app_init ] --START--
INFO: Run Behavior\BuildLiteBehavior [ RunTime:0.000000s ]
INFO: [ app_init ] --END-- [ RunTime:0.000000s ]
ERR: 无法加载模块:Public

[ 2015-09-05T10:09:54+08:00 ] 127.0.0.1 /sunyan2015/022/Public/js/jquery-1.7.2.min
INFO: [ app_init ] --START--
INFO: Run Behavior\BuildLiteBehavior [ RunTime:0.000000s ]
INFO: [ app_init ] --END-- [ RunTime:0.001000s ]
ERR: 无法加载模块:Public

[ 2015-09-05T10:22:53+08:00 ] 127.0.0.1 /sunyan2015/022/Public/js/jquery-1.7.2.min
INFO: [ app_init ] --START--
INFO: Run Behavior\BuildLiteBehavior [ RunTime:0.000000s ]
INFO: [ app_init ] --END-- [ RunTime:0.000000s ]
ERR: 无法加载模块:Public

[ 2015-09-05T10:22:53+08:00 ] 127.0.0.1 /sunyan2015/022/Public/image/Lighthouse.jpeg
INFO: [ app_init ] --START--
INFO: Run Behavior\BuildLiteBehavior [ RunTime:0.000000s ]
INFO: [ app_init ] --END-- [ RunTime:0.001000s ]
ERR: 无法加载模块:Public

[ 2015-09-05T10:41:50+08:00 ] 127.0.0.1 /sunyan2015/022/Public/js/jquery-1.7.2.min
INFO: [ app_init ] --START--
INFO: Run Behavior\BuildLiteBehavior [ RunTime:0.000000s ]
INFO: [ app_init ] --END-- [ RunTime:0.001000s ]
ERR: 无法加载模块:Public

[ 2015-09-05T10:42:33+08:00 ] 127.0.0.1 /sunyan2015/022/Public/js/jquery-1.7.2.min
INFO: [ app_init ] --START--
INFO: Run Behavior\BuildLiteBehavior [ RunTime:0.000000s ]
INFO: [ app_init ] --END-- [ RunTime:0.000000s ]
ERR: 无法加载模块:Public

[ 2015-09-05T10:42:35+08:00 ] 127.0.0.1 /sunyan2015/022/Public/js/jquery-1.7.2.min
INFO: [ app_init ] --START--
INFO: Run Behavior\BuildLiteBehavior [ RunTime:0.000000s ]
INFO: [ app_init ] --END-- [ RunTime:0.000000s ]
ERR: 无法加载模块:Public

[ 2015-09-05T10:44:14+08:00 ] 127.0.0.1 /sunyan2015/022/Public/js/jquery-1.7.2.min
INFO: [ app_init ] --START--
INFO: Run Behavior\BuildLiteBehavior [ RunTime:0.000000s ]
INFO: [ app_init ] --END-- [ RunTime:0.000000s ]
ERR: 无法加载模块:Public

[ 2015-09-05T10:44:54+08:00 ] 127.0.0.1 /sunyan2015/022/Public/js/jquery-1.7.2.min
INFO: [ app_init ] --START--
INFO: Run Behavior\BuildLiteBehavior [ RunTime:0.000000s ]
INFO: [ app_init ] --END-- [ RunTime:0.000000s ]
ERR: 无法加载模块:Public

[ 2015-09-05T10:45:07+08:00 ] 127.0.0.1 /sunyan2015/022/Public/js/jquery-1.7.2.min
INFO: [ app_init ] --START--
INFO: Run Behavior\BuildLiteBehavior [ RunTime:0.000000s ]
INFO: [ app_init ] --END-- [ RunTime:0.000000s ]
ERR: 无法加载模块:Public

[ 2015-09-05T10:45:16+08:00 ] 127.0.0.1 /sunyan2015/022/Public/js/jquery-1.7.2.min
INFO: [ app_init ] --START--
INFO: Run Behavior\BuildLiteBehavior [ RunTime:0.000000s ]
INFO: [ app_init ] --END-- [ RunTime:0.000000s ]
ERR: 无法加载模块:Public

[ 2015-09-05T10:48:44+08:00 ] 127.0.0.1 /sunyan2015/022/Public/js/jquery-1.7.2.min
INFO: [ app_init ] --START--
INFO: Run Behavior\BuildLiteBehavior [ RunTime:0.000000s ]
INFO: [ app_init ] --END-- [ RunTime:0.001000s ]
ERR: 无法加载模块:Public

[ 2015-09-05T10:48:55+08:00 ] 127.0.0.1 /sunyan2015/022/Public/js/jquery-1.7.2.min
INFO: [ app_init ] --START--
INFO: Run Behavior\BuildLiteBehavior [ RunTime:0.000000s ]
INFO: [ app_init ] --END-- [ RunTime:0.001000s ]
ERR: 无法加载模块:Public

[ 2015-09-05T10:49:36+08:00 ] 127.0.0.1 /sunyan2015/022/Public/js/jquery-1.7.2.min
INFO: [ app_init ] --START--
INFO: Run Behavior\BuildLiteBehavior [ RunTime:0.000000s ]
INFO: [ app_init ] --END-- [ RunTime:0.001000s ]
ERR: 无法加载模块:Public

[ 2015-09-05T10:49:51+08:00 ] 127.0.0.1 /sunyan2015/022/Public/js/jquery-1.7.2.min
INFO: [ app_init ] --START--
INFO: Run Behavior\BuildLiteBehavior [ RunTime:0.000000s ]
INFO: [ app_init ] --END-- [ RunTime:0.001000s ]
ERR: 无法加载模块:Public

[ 2015-09-05T10:49:52+08:00 ] 127.0.0.1 /sunyan2015/022/Public/js/jquery-1.7.2.min
INFO: [ app_init ] --START--
INFO: Run Behavior\BuildLiteBehavior [ RunTime:0.000000s ]
INFO: [ app_init ] --END-- [ RunTime:0.000000s ]
ERR: 无法加载模块:Public

[ 2015-09-05T10:58:38+08:00 ] 127.0.0.1 /sunyan2015/022/Public/js/jquery-1.7.2.min
INFO: [ app_init ] --START--
INFO: Run Behavior\BuildLiteBehavior [ RunTime:0.000000s ]
INFO: [ app_init ] --END-- [ RunTime:0.000000s ]
ERR: 无法加载模块:Public

[ 2015-09-05T10:58:52+08:00 ] 127.0.0.1 /sunyan2015/022/Public/js/jquery-1.7.2.min
INFO: [ app_init ] --START--
INFO: Run Behavior\BuildLiteBehavior [ RunTime:0.000000s ]
INFO: [ app_init ] --END-- [ RunTime:0.001000s ]
ERR: 无法加载模块:Public

[ 2015-09-05T11:09:40+08:00 ] 127.0.0.1 /sunyan2015/022/Public/js/jquery-1.7.2.min
INFO: [ app_init ] --START--
INFO: Run Behavior\BuildLiteBehavior [ RunTime:0.000000s ]
INFO: [ app_init ] --END-- [ RunTime:0.000000s ]
ERR: 无法加载模块:Public

[ 2015-09-05T11:14:52+08:00 ] 127.0.0.1 /sunyan2015/022/Public/js/jquery-1.7.2.min
INFO: [ app_init ] --START--
INFO: Run Behavior\BuildLiteBehavior [ RunTime:0.000000s ]
INFO: [ app_init ] --END-- [ RunTime:0.000000s ]
ERR: 无法加载模块:Public

[ 2015-09-05T11:15:46+08:00 ] 127.0.0.1 /sunyan2015/022/Public/js/jquery-1.7.2.min
INFO: [ app_init ] --START--
INFO: Run Behavior\BuildLiteBehavior [ RunTime:0.000000s ]
INFO: [ app_init ] --END-- [ RunTime:0.000000s ]
ERR: 无法加载模块:Public

[ 2015-09-05T11:16:24+08:00 ] 127.0.0.1 /sunyan2015/022/Public/js/jquery-1.7.2.min
INFO: [ app_init ] --START--
INFO: Run Behavior\BuildLiteBehavior [ RunTime:0.000000s ]
INFO: [ app_init ] --END-- [ RunTime:0.000000s ]
ERR: 无法加载模块:Public

[ 2015-09-05T11:16:45+08:00 ] 127.0.0.1 /sunyan2015/022/Public/js/jquery-1.7.2.min
INFO: [ app_init ] --START--
INFO: Run Behavior\BuildLiteBehavior [ RunTime:0.000000s ]
INFO: [ app_init ] --END-- [ RunTime:0.000000s ]
ERR: 无法加载模块:Public

[ 2015-09-05T11:17:54+08:00 ] 127.0.0.1 /sunyan2015/022/Public/js/jquery-1.7.2.min
INFO: [ app_init ] --START--
INFO: Run Behavior\BuildLiteBehavior [ RunTime:0.000000s ]
INFO: [ app_init ] --END-- [ RunTime:0.001000s ]
ERR: 无法加载模块:Public

[ 2015-09-05T11:19:08+08:00 ] 127.0.0.1 /sunyan2015/022/Public/js/jquery-1.7.2.min
INFO: [ app_init ] --START--
INFO: Run Behavior\BuildLiteBehavior [ RunTime:0.000000s ]
INFO: [ app_init ] --END-- [ RunTime:0.000000s ]
ERR: 无法加载模块:Public

[ 2015-09-05T11:19:13+08:00 ] 127.0.0.1 /sunyan2015/022/Public/js/jquery-1.7.2.min
INFO: [ app_init ] --START--
INFO: Run Behavior\BuildLiteBehavior [ RunTime:0.000000s ]
INFO: [ app_init ] --END-- [ RunTime:0.001000s ]
ERR: 无法加载模块:Public

[ 2015-09-05T11:20:08+08:00 ] 127.0.0.1 /sunyan2015/022/Public/js/jquery-1.7.2.min
INFO: [ app_init ] --START--
INFO: Run Behavior\BuildLiteBehavior [ RunTime:0.000000s ]
INFO: [ app_init ] --END-- [ RunTime:0.000000s ]
ERR: 无法加载模块:Public

[ 2015-09-05T11:20:22+08:00 ] 127.0.0.1 /sunyan2015/022/Public/js/jquery-1.7.2.min
INFO: [ app_init ] --START--
INFO: Run Behavior\BuildLiteBehavior [ RunTime:0.000000s ]
INFO: [ app_init ] --END-- [ RunTime:0.000000s ]
ERR: 无法加载模块:Public

[ 2015-09-05T11:29:14+08:00 ] 127.0.0.1 /sunyan2015/022/Public/js/jquery-1.7.2.min
INFO: [ app_init ] --START--
INFO: Run Behavior\BuildLiteBehavior [ RunTime:0.000000s ]
INFO: [ app_init ] --END-- [ RunTime:0.000000s ]
ERR: 无法加载模块:Public

[ 2015-09-05T11:36:35+08:00 ] 127.0.0.1 /sunyan2015/022/Public/js/jquery-1.7.2.min
INFO: [ app_init ] --START--
INFO: Run Behavior\BuildLiteBehavior [ RunTime:0.000000s ]
INFO: [ app_init ] --END-- [ RunTime:0.001000s ]
ERR: 无法加载模块:Public

[ 2015-09-05T11:36:59+08:00 ] 127.0.0.1 /sunyan2015/022/Public/js/jquery-1.7.2.min
INFO: [ app_init ] --START--
INFO: Run Behavior\BuildLiteBehavior [ RunTime:0.001000s ]
INFO: [ app_init ] --END-- [ RunTime:0.001000s ]
ERR: 无法加载模块:Public

[ 2015-09-05T11:37:14+08:00 ] 127.0.0.1 /sunyan2015/022/Public/js/jquery-1.7.2.min
INFO: [ app_init ] --START--
INFO: Run Behavior\BuildLiteBehavior [ RunTime:0.000000s ]
INFO: [ app_init ] --END-- [ RunTime:0.001000s ]
ERR: 无法加载模块:Public

[ 2015-09-05T11:38:14+08:00 ] 127.0.0.1 /sunyan2015/022/Public/js/jquery-1.7.2.min
INFO: [ app_init ] --START--
INFO: Run Behavior\BuildLiteBehavior [ RunTime:0.000000s ]
INFO: [ app_init ] --END-- [ RunTime:0.000000s ]
ERR: 无法加载模块:Public

[ 2015-09-05T14:47:43+08:00 ] 127.0.0.1 /sunyan2015/022/Public/js/jquery-1.7.2.min
INFO: [ app_init ] --START--
INFO: Run Behavior\BuildLiteBehavior [ RunTime:0.000000s ]
INFO: [ app_init ] --END-- [ RunTime:0.000000s ]
ERR: 无法加载模块:Public

[ 2015-09-05T14:48:14+08:00 ] 127.0.0.1 /sunyan2015/022/Public/js/jquery-1.7.2.min
INFO: [ app_init ] --START--
INFO: Run Behavior\BuildLiteBehavior [ RunTime:0.000000s ]
INFO: [ app_init ] --END-- [ RunTime:0.000000s ]
ERR: 无法加载模块:Public

[ 2015-09-05T14:48:15+08:00 ] 127.0.0.1 /sunyan2015/022/Public/js/jquery-1.7.2.min
INFO: [ app_init ] --START--
INFO: Run Behavior\BuildLiteBehavior [ RunTime:0.000000s ]
INFO: [ app_init ] --END-- [ RunTime:0.000000s ]
ERR: 无法加载模块:Public

[ 2015-09-05T14:48:24+08:00 ] 127.0.0.1 /sunyan2015/022/Public/js/jquery-1.7.2.min
INFO: [ app_init ] --START--
INFO: Run Behavior\BuildLiteBehavior [ RunTime:0.000000s ]
INFO: [ app_init ] --END-- [ RunTime:0.000000s ]
ERR: 无法加载模块:Public

[ 2015-09-05T14:49:41+08:00 ] 127.0.0.1 /sunyan2015/022/Public/js/jquery-1.7.2.min
INFO: [ app_init ] --START--
INFO: Run Behavior\BuildLiteBehavior [ RunTime:0.000000s ]
INFO: [ app_init ] --END-- [ RunTime:0.001000s ]
ERR: 无法加载模块:Public

[ 2015-09-05T14:50:45+08:00 ] 127.0.0.1 /sunyan2015/022/Public/js/jquery-1.7.2.min
INFO: [ app_init ] --START--
INFO: Run Behavior\BuildLiteBehavior [ RunTime:0.000000s ]
INFO: [ app_init ] --END-- [ RunTime:0.000000s ]
ERR: 无法加载模块:Public

[ 2015-09-05T14:51:13+08:00 ] 127.0.0.1 /sunyan2015/022/Public/js/jquery-1.7.2.min
INFO: [ app_init ] --START--
INFO: Run Behavior\BuildLiteBehavior [ RunTime:0.000000s ]
INFO: [ app_init ] --END-- [ RunTime:0.000000s ]
ERR: 无法加载模块:Public

[ 2015-09-05T14:52:16+08:00 ] 127.0.0.1 /sunyan2015/022/Public/js/jquery-1.7.2.min
INFO: [ app_init ] --START--
INFO: Run Behavior\BuildLiteBehavior [ RunTime:0.000000s ]
INFO: [ app_init ] --END-- [ RunTime:0.002001s ]
ERR: 无法加载模块:Public

[ 2015-09-05T14:53:32+08:00 ] 127.0.0.1 /sunyan2015/022/Public/js/jquery-1.7.2.min
INFO: [ app_init ] --START--
INFO: Run Behavior\BuildLiteBehavior [ RunTime:0.000000s ]
INFO: [ app_init ] --END-- [ RunTime:0.001000s ]
ERR: 无法加载模块:Public

[ 2015-09-05T14:56:22+08:00 ] 127.0.0.1 /sunyan2015/022/Public/js/jquery-1.7.2.min
INFO: [ app_init ] --START--
INFO: Run Behavior\BuildLiteBehavior [ RunTime:0.000000s ]
INFO: [ app_init ] --END-- [ RunTime:0.000000s ]
ERR: 无法加载模块:Public

[ 2015-09-05T14:58:32+08:00 ] 127.0.0.1 /sunyan2015/022/Public/js/jquery-1.7.2.min
INFO: [ app_init ] --START--
INFO: Run Behavior\BuildLiteBehavior [ RunTime:0.000000s ]
INFO: [ app_init ] --END-- [ RunTime:0.001000s ]
ERR: 无法加载模块:Public

[ 2015-09-05T15:00:04+08:00 ] 127.0.0.1 /sunyan2015/022/Public/js/jquery-1.7.2.min
INFO: [ app_init ] --START--
INFO: Run Behavior\BuildLiteBehavior [ RunTime:0.000000s ]
INFO: [ app_init ] --END-- [ RunTime:0.000000s ]
ERR: 无法加载模块:Public

[ 2015-09-05T15:00:44+08:00 ] 127.0.0.1 /sunyan2015/022/Public/js/jquery-1.7.2.min
INFO: [ app_init ] --START--
INFO: Run Behavior\BuildLiteBehavior [ RunTime:0.000000s ]
INFO: [ app_init ] --END-- [ RunTime:0.001000s ]
ERR: 无法加载模块:Public

[ 2015-09-05T15:01:02+08:00 ] 127.0.0.1 /sunyan2015/022/Public/js/jquery-1.7.2.min
INFO: [ app_init ] --START--
INFO: Run Behavior\BuildLiteBehavior [ RunTime:0.000000s ]
INFO: [ app_init ] --END-- [ RunTime:0.001001s ]
ERR: 无法加载模块:Public

[ 2015-09-05T15:01:54+08:00 ] 127.0.0.1 /sunyan2015/022/Public/js/jquery-1.7.2.min
INFO: [ app_init ] --START--
INFO: Run Behavior\BuildLiteBehavior [ RunTime:0.000000s ]
INFO: [ app_init ] --END-- [ RunTime:0.001000s ]
ERR: 无法加载模块:Public

[ 2015-09-05T15:07:53+08:00 ] 127.0.0.1 /sunyan2015/022/Public/js/jquery-1.7.2.min
INFO: [ app_init ] --START--
INFO: Run Behavior\BuildLiteBehavior [ RunTime:0.000000s ]
INFO: [ app_init ] --END-- [ RunTime:0.001000s ]
ERR: 无法加载模块:Public

[ 2015-09-05T15:12:34+08:00 ] 127.0.0.1 /sunyan2015/022/Public/js/jquery-1.7.2.min
INFO: [ app_init ] --START--
INFO: Run Behavior\BuildLiteBehavior [ RunTime:0.000000s ]
INFO: [ app_init ] --END-- [ RunTime:0.000000s ]
ERR: 无法加载模块:Public

[ 2015-09-05T15:12:46+08:00 ] 127.0.0.1 /sunyan2015/022/Public/js/jquery-1.7.2.min
INFO: [ app_init ] --START--
INFO: Run Behavior\BuildLiteBehavior [ RunTime:0.000000s ]
INFO: [ app_init ] --END-- [ RunTime:0.001000s ]
ERR: 无法加载模块:Public

[ 2015-09-05T15:16:57+08:00 ] 127.0.0.1 /sunyan2015/022/Public/js/jquery-1.7.2.min
INFO: [ app_init ] --START--
INFO: Run Behavior\BuildLiteBehavior [ RunTime:0.000000s ]
INFO: [ app_init ] --END-- [ RunTime:0.000000s ]
ERR: 无法加载模块:Public

[ 2015-09-05T15:17:20+08:00 ] 127.0.0.1 /sunyan2015/022/Public/js/jquery-1.7.2.min
INFO: [ app_init ] --START--
INFO: Run Behavior\BuildLiteBehavior [ RunTime:0.000000s ]
INFO: [ app_init ] --END-- [ RunTime:0.000000s ]
ERR: 无法加载模块:Public

[ 2015-09-05T15:17:31+08:00 ] 127.0.0.1 /sunyan2015/022/Public/js/jquery-1.7.2.min
INFO: [ app_init ] --START--
INFO: Run Behavior\BuildLiteBehavior [ RunTime:0.000000s ]
INFO: [ app_init ] --END-- [ RunTime:0.000000s ]
ERR: 无法加载模块:Public

