[ 2015-06-16T16:36:06+08:00 ] 127.0.0.1 /sunyan2015/017/login.html
INFO: [ app_init ] --START--
INFO: Run Behavior\BuildLiteBehavior [ RunTime:0.000046s ]
INFO: [ app_init ] --END-- [ RunTime:0.002137s ]
ERR: 无法加载模块:Login

[ 2015-06-16T16:36:19+08:00 ] 127.0.0.1 /sunyan2015/017/register.html
INFO: [ app_init ] --START--
INFO: Run Behavior\BuildLiteBehavior [ RunTime:0.000022s ]
INFO: [ app_init ] --END-- [ RunTime:0.000856s ]
ERR: 无法加载模块:Register

[ 2015-06-16T16:39:23+08:00 ] 127.0.0.1 /sunyan2015/017/register.html
INFO: [ app_init ] --START--
INFO: Run Behavior\BuildLiteBehavior [ RunTime:0.000028s ]
INFO: [ app_init ] --END-- [ RunTime:0.001513s ]
ERR: 无法加载模块:Register

[ 2015-06-16T16:39:58+08:00 ] 127.0.0.1 /sunyan2015/017/IndexController.class.php
INFO: [ app_init ] --START--
INFO: Run Behavior\BuildLiteBehavior [ RunTime:0.000030s ]
INFO: [ app_init ] --END-- [ RunTime:0.001619s ]
ERR: 无法加载模块:IndexController.class

[ 2015-06-16T16:40:26+08:00 ] 127.0.0.1 /sunyan2015/017/IndexController.class.php
INFO: [ app_init ] --START--
INFO: Run Behavior\BuildLiteBehavior [ RunTime:0.000040s ]
INFO: [ app_init ] --END-- [ RunTime:0.001566s ]
ERR: 无法加载模块:IndexController.class

[ 2015-06-16T16:40:53+08:00 ] 127.0.0.1 /sunyan2015/017/register
INFO: [ app_init ] --START--
INFO: Run Behavior\BuildLiteBehavior [ RunTime:0.000016s ]
INFO: [ app_init ] --END-- [ RunTime:0.000672s ]
ERR: 无法加载模块:Register

