[ 2015-09-14T08:02:21+08:00 ] 127.0.0.1 /sunyan2015/022/Public/js/jquery-1.7.2.min
INFO: [ app_init ] --START--
INFO: Run Behavior\BuildLiteBehavior [ RunTime:0.000000s ]
INFO: [ app_init ] --END-- [ RunTime:0.015600s ]
ERR: 无法加载模块:Public

[ 2015-09-14T08:02:24+08:00 ] 127.0.0.1 /sunyan2015/022/Public/js/jquery-1.7.2.min
INFO: [ app_init ] --START--
INFO: Run Behavior\BuildLiteBehavior [ RunTime:0.000000s ]
INFO: [ app_init ] --END-- [ RunTime:0.001000s ]
ERR: 无法加载模块:Public

[ 2015-09-14T08:02:42+08:00 ] 127.0.0.1 /sunyan2015/022/Public/js/jquery-1.7.2.min
INFO: [ app_init ] --START--
INFO: Run Behavior\BuildLiteBehavior [ RunTime:0.000000s ]
INFO: [ app_init ] --END-- [ RunTime:0.000000s ]
ERR: 无法加载模块:Public

[ 2015-09-14T08:02:48+08:00 ] 127.0.0.1 /sunyan2015/022/Public/js/jquery-1.7.2.min
INFO: [ app_init ] --START--
INFO: Run Behavior\BuildLiteBehavior [ RunTime:0.000000s ]
INFO: [ app_init ] --END-- [ RunTime:0.000000s ]
ERR: 无法加载模块:Public

[ 2015-09-14T08:45:25+08:00 ] 127.0.0.1 /sunyan2015/022/Public/js/jquery-1.7.2.min
INFO: [ app_init ] --START--
INFO: Run Behavior\BuildLiteBehavior [ RunTime:0.001001s ]
INFO: [ app_init ] --END-- [ RunTime:0.001001s ]
ERR: 无法加载模块:Public

[ 2015-09-14T08:45:31+08:00 ] 127.0.0.1 /sunyan2015/022/Public/js/jquery-1.7.2.min
INFO: [ app_init ] --START--
INFO: Run Behavior\BuildLiteBehavior [ RunTime:0.000000s ]
INFO: [ app_init ] --END-- [ RunTime:0.001000s ]
ERR: 无法加载模块:Public

[ 2015-09-14T08:48:03+08:00 ] 127.0.0.1 /sunyan2015/022/Public/js/jquery-1.7.2.min
INFO: [ app_init ] --START--
INFO: Run Behavior\BuildLiteBehavior [ RunTime:0.000000s ]
INFO: [ app_init ] --END-- [ RunTime:0.000000s ]
ERR: 无法加载模块:Public

[ 2015-09-14T08:49:59+08:00 ] 127.0.0.1 /sunyan2015/022/Public/js/jquery-1.7.2.min
INFO: [ app_init ] --START--
INFO: Run Behavior\BuildLiteBehavior [ RunTime:0.000000s ]
INFO: [ app_init ] --END-- [ RunTime:0.001000s ]
ERR: 无法加载模块:Public

[ 2015-09-14T08:50:16+08:00 ] 127.0.0.1 /sunyan2015/022/login
INFO: [ app_init ] --START--
INFO: Run Behavior\BuildLiteBehavior [ RunTime:0.000000s ]
INFO: [ app_init ] --END-- [ RunTime:0.000000s ]
ERR: 无法加载模块:Login

[ 2015-09-14T08:50:32+08:00 ] 127.0.0.1 /sunyan2015/022/login
INFO: [ app_init ] --START--
INFO: Run Behavior\BuildLiteBehavior [ RunTime:0.000000s ]
INFO: [ app_init ] --END-- [ RunTime:0.000000s ]
ERR: 无法加载模块:Login

[ 2015-09-14T08:50:40+08:00 ] 127.0.0.1 /sunyan2015/022/Public/js/jquery-1.7.2.min
INFO: [ app_init ] --START--
INFO: Run Behavior\BuildLiteBehavior [ RunTime:0.000000s ]
INFO: [ app_init ] --END-- [ RunTime:0.000000s ]
ERR: 无法加载模块:Public

[ 2015-09-14T08:50:52+08:00 ] 127.0.0.1 /sunyan2015/022/Public/js/jquery-1.7.2.min
INFO: [ app_init ] --START--
INFO: Run Behavior\BuildLiteBehavior [ RunTime:0.000000s ]
INFO: [ app_init ] --END-- [ RunTime:0.000000s ]
ERR: 无法加载模块:Public

[ 2015-09-14T08:50:54+08:00 ] 127.0.0.1 /sunyan2015/022/Public/js/jquery-1.7.2.min
INFO: [ app_init ] --START--
INFO: Run Behavior\BuildLiteBehavior [ RunTime:0.000000s ]
INFO: [ app_init ] --END-- [ RunTime:0.000000s ]
ERR: 无法加载模块:Public

[ 2015-09-14T08:52:24+08:00 ] 127.0.0.1 /sunyan2015/022/Public/js/jquery-1.7.2.min
INFO: [ app_init ] --START--
INFO: Run Behavior\BuildLiteBehavior [ RunTime:0.000000s ]
INFO: [ app_init ] --END-- [ RunTime:0.000000s ]
ERR: 无法加载模块:Public

[ 2015-09-14T08:52:26+08:00 ] 127.0.0.1 /sunyan2015/022/Public/js/jquery-1.7.2.min
INFO: [ app_init ] --START--
INFO: Run Behavior\BuildLiteBehavior [ RunTime:0.000000s ]
INFO: [ app_init ] --END-- [ RunTime:0.000000s ]
ERR: 无法加载模块:Public

[ 2015-09-14T08:52:37+08:00 ] 127.0.0.1 /sunyan2015/022/Public/js/jquery-1.7.2.min
INFO: [ app_init ] --START--
INFO: Run Behavior\BuildLiteBehavior [ RunTime:0.000000s ]
INFO: [ app_init ] --END-- [ RunTime:0.001000s ]
ERR: 无法加载模块:Public

[ 2015-09-14T08:53:20+08:00 ] 127.0.0.1 /sunyan2015/022/Public/js/jquery-1.7.2.min
INFO: [ app_init ] --START--
INFO: Run Behavior\BuildLiteBehavior [ RunTime:0.000000s ]
INFO: [ app_init ] --END-- [ RunTime:0.000000s ]
ERR: 无法加载模块:Public

[ 2015-09-14T08:53:21+08:00 ] 127.0.0.1 /sunyan2015/022/Public/js/jquery-1.7.2.min
INFO: [ app_init ] --START--
INFO: Run Behavior\BuildLiteBehavior [ RunTime:0.000000s ]
INFO: [ app_init ] --END-- [ RunTime:0.001000s ]
ERR: 无法加载模块:Public

[ 2015-09-14T08:53:37+08:00 ] 127.0.0.1 /sunyan2015/022/Public/js/jquery-1.7.2.min
INFO: [ app_init ] --START--
INFO: Run Behavior\BuildLiteBehavior [ RunTime:0.000000s ]
INFO: [ app_init ] --END-- [ RunTime:0.000000s ]
ERR: 无法加载模块:Public

[ 2015-09-14T08:57:12+08:00 ] 127.0.0.1 /sunyan2015/022/Public/js/jquery-1.7.2.min
INFO: [ app_init ] --START--
INFO: Run Behavior\BuildLiteBehavior [ RunTime:0.000000s ]
INFO: [ app_init ] --END-- [ RunTime:0.000000s ]
ERR: 无法加载模块:Public

[ 2015-09-14T08:57:15+08:00 ] 127.0.0.1 /sunyan2015/022/Public/js/jquery-1.7.2.min
INFO: [ app_init ] --START--
INFO: Run Behavior\BuildLiteBehavior [ RunTime:0.000000s ]
INFO: [ app_init ] --END-- [ RunTime:0.000000s ]
ERR: 无法加载模块:Public

[ 2015-09-14T08:57:25+08:00 ] 127.0.0.1 /sunyan2015/022/Public/js/jquery-1.7.2.min
INFO: [ app_init ] --START--
INFO: Run Behavior\BuildLiteBehavior [ RunTime:0.000000s ]
INFO: [ app_init ] --END-- [ RunTime:0.000000s ]
ERR: 无法加载模块:Public

[ 2015-09-14T08:57:26+08:00 ] 127.0.0.1 /sunyan2015/022/Public/js/jquery-1.7.2.min
INFO: [ app_init ] --START--
INFO: Run Behavior\BuildLiteBehavior [ RunTime:0.000000s ]
INFO: [ app_init ] --END-- [ RunTime:0.000000s ]
ERR: 无法加载模块:Public

[ 2015-09-14T09:07:39+08:00 ] 127.0.0.1 /sunyan2015/022/Public/js/jquery-1.7.2.min
INFO: [ app_init ] --START--
INFO: Run Behavior\BuildLiteBehavior [ RunTime:0.000000s ]
INFO: [ app_init ] --END-- [ RunTime:0.000000s ]
ERR: 无法加载模块:Public

[ 2015-09-14T09:09:37+08:00 ] 127.0.0.1 /sunyan2015/022/Public/js/jquery-1.7.2.min
INFO: [ app_init ] --START--
INFO: Run Behavior\BuildLiteBehavior [ RunTime:0.000000s ]
INFO: [ app_init ] --END-- [ RunTime:0.015600s ]
ERR: 无法加载模块:Public

[ 2015-09-14T09:15:49+08:00 ] 127.0.0.1 /sunyan2015/022/Public/js/jquery-1.7.2.min
INFO: [ app_init ] --START--
INFO: Run Behavior\BuildLiteBehavior [ RunTime:0.000000s ]
INFO: [ app_init ] --END-- [ RunTime:0.000000s ]
ERR: 无法加载模块:Public

[ 2015-09-14T09:17:02+08:00 ] 127.0.0.1 /sunyan2015/022/Public/js/jquery-1.7.2.min
INFO: [ app_init ] --START--
INFO: Run Behavior\BuildLiteBehavior [ RunTime:0.000000s ]
INFO: [ app_init ] --END-- [ RunTime:0.000000s ]
ERR: 无法加载模块:Public

[ 2015-09-14T09:17:04+08:00 ] 127.0.0.1 /sunyan2015/022/Public/js/jquery-1.7.2.min
INFO: [ app_init ] --START--
INFO: Run Behavior\BuildLiteBehavior [ RunTime:0.000000s ]
INFO: [ app_init ] --END-- [ RunTime:0.000000s ]
ERR: 无法加载模块:Public

[ 2015-09-14T09:19:27+08:00 ] 127.0.0.1 /sunyan2015/022/Public/js/jquery-1.7.2.min
INFO: [ app_init ] --START--
INFO: Run Behavior\BuildLiteBehavior [ RunTime:0.000000s ]
INFO: [ app_init ] --END-- [ RunTime:0.000000s ]
ERR: 无法加载模块:Public

[ 2015-09-14T09:20:03+08:00 ] 127.0.0.1 /sunyan2015/022/Public/js/jquery-1.7.2.min
INFO: [ app_init ] --START--
INFO: Run Behavior\BuildLiteBehavior [ RunTime:0.000000s ]
INFO: [ app_init ] --END-- [ RunTime:0.000000s ]
ERR: 无法加载模块:Public

[ 2015-09-14T09:22:44+08:00 ] 127.0.0.1 /sunyan2015/022/Public/js/jquery-1.7.2.min
INFO: [ app_init ] --START--
INFO: Run Behavior\BuildLiteBehavior [ RunTime:0.000000s ]
INFO: [ app_init ] --END-- [ RunTime:0.000000s ]
ERR: 无法加载模块:Public

[ 2015-09-14T09:22:45+08:00 ] 127.0.0.1 /sunyan2015/022/Public/js/jquery-1.7.2.min
INFO: [ app_init ] --START--
INFO: Run Behavior\BuildLiteBehavior [ RunTime:0.000000s ]
INFO: [ app_init ] --END-- [ RunTime:0.000000s ]
ERR: 无法加载模块:Public

[ 2015-09-14T09:23:09+08:00 ] 127.0.0.1 /sunyan2015/022/Public/js/jquery-1.7.2.min
INFO: [ app_init ] --START--
INFO: Run Behavior\BuildLiteBehavior [ RunTime:0.000000s ]
INFO: [ app_init ] --END-- [ RunTime:0.001000s ]
ERR: 无法加载模块:Public

[ 2015-09-14T09:28:26+08:00 ] 127.0.0.1 /sunyan2015/022/Public/js/jquery-1.7.2.min
INFO: [ app_init ] --START--
INFO: Run Behavior\BuildLiteBehavior [ RunTime:0.000000s ]
INFO: [ app_init ] --END-- [ RunTime:0.001000s ]
ERR: 无法加载模块:Public

[ 2015-09-14T09:28:54+08:00 ] 127.0.0.1 /sunyan2015/022/Public/js/jquery-1.7.2.min
INFO: [ app_init ] --START--
INFO: Run Behavior\BuildLiteBehavior [ RunTime:0.000000s ]
INFO: [ app_init ] --END-- [ RunTime:0.000000s ]
ERR: 无法加载模块:Public

[ 2015-09-14T09:29:22+08:00 ] 127.0.0.1 /sunyan2015/022/Public/js/jquery-1.7.2.min
INFO: [ app_init ] --START--
INFO: Run Behavior\BuildLiteBehavior [ RunTime:0.000000s ]
INFO: [ app_init ] --END-- [ RunTime:0.000000s ]
ERR: 无法加载模块:Public

[ 2015-09-14T09:30:48+08:00 ] 127.0.0.1 /sunyan2015/022/Public/js/jquery-1.7.2.min
INFO: [ app_init ] --START--
INFO: Run Behavior\BuildLiteBehavior [ RunTime:0.000000s ]
INFO: [ app_init ] --END-- [ RunTime:0.000000s ]
ERR: 无法加载模块:Public

[ 2015-09-14T09:31:11+08:00 ] 127.0.0.1 /sunyan2015/022/Public/js/jquery-1.7.2.min
INFO: [ app_init ] --START--
INFO: Run Behavior\BuildLiteBehavior [ RunTime:0.000000s ]
INFO: [ app_init ] --END-- [ RunTime:0.000000s ]
ERR: 无法加载模块:Public

[ 2015-09-14T09:32:45+08:00 ] 127.0.0.1 /sunyan2015/022/Public/js/jquery-1.7.2.min
INFO: [ app_init ] --START--
INFO: Run Behavior\BuildLiteBehavior [ RunTime:0.000000s ]
INFO: [ app_init ] --END-- [ RunTime:0.000000s ]
ERR: 无法加载模块:Public

[ 2015-09-14T09:33:10+08:00 ] 127.0.0.1 /sunyan2015/022/Public/js/jquery-1.7.2.min
INFO: [ app_init ] --START--
INFO: Run Behavior\BuildLiteBehavior [ RunTime:0.000000s ]
INFO: [ app_init ] --END-- [ RunTime:0.001000s ]
ERR: 无法加载模块:Public

[ 2015-09-14T09:33:27+08:00 ] 127.0.0.1 /sunyan2015/022/Public/js/jquery-1.7.2.min
INFO: [ app_init ] --START--
INFO: Run Behavior\BuildLiteBehavior [ RunTime:0.000000s ]
INFO: [ app_init ] --END-- [ RunTime:0.001000s ]
ERR: 无法加载模块:Public

[ 2015-09-14T09:33:29+08:00 ] 127.0.0.1 /sunyan2015/022/Public/js/jquery-1.7.2.min
INFO: [ app_init ] --START--
INFO: Run Behavior\BuildLiteBehavior [ RunTime:0.000000s ]
INFO: [ app_init ] --END-- [ RunTime:0.001000s ]
ERR: 无法加载模块:Public

[ 2015-09-14T09:33:40+08:00 ] 127.0.0.1 /sunyan2015/022/Public/js/jquery-1.7.2.min
INFO: [ app_init ] --START--
INFO: Run Behavior\BuildLiteBehavior [ RunTime:0.000000s ]
INFO: [ app_init ] --END-- [ RunTime:0.000000s ]
ERR: 无法加载模块:Public

[ 2015-09-14T09:33:56+08:00 ] 127.0.0.1 /sunyan2015/022/Public/js/jquery-1.7.2.min
INFO: [ app_init ] --START--
INFO: Run Behavior\BuildLiteBehavior [ RunTime:0.000000s ]
INFO: [ app_init ] --END-- [ RunTime:0.000000s ]
ERR: 无法加载模块:Public

[ 2015-09-14T09:34:05+08:00 ] 127.0.0.1 /sunyan2015/022/Public/js/jquery-1.7.2.min
INFO: [ app_init ] --START--
INFO: Run Behavior\BuildLiteBehavior [ RunTime:0.000000s ]
INFO: [ app_init ] --END-- [ RunTime:0.001000s ]
ERR: 无法加载模块:Public

[ 2015-09-14T09:35:01+08:00 ] 127.0.0.1 /sunyan2015/022/Public/js/jquery-1.7.2.min
INFO: [ app_init ] --START--
INFO: Run Behavior\BuildLiteBehavior [ RunTime:0.000000s ]
INFO: [ app_init ] --END-- [ RunTime:0.000000s ]
ERR: 无法加载模块:Public

[ 2015-09-14T09:35:27+08:00 ] 127.0.0.1 /sunyan2015/022/Public/js/jquery-1.7.2.min
INFO: [ app_init ] --START--
INFO: Run Behavior\BuildLiteBehavior [ RunTime:0.000000s ]
INFO: [ app_init ] --END-- [ RunTime:0.000000s ]
ERR: 无法加载模块:Public

[ 2015-09-14T09:36:25+08:00 ] 127.0.0.1 /sunyan2015/022/Public/js/jquery-1.7.2.min
INFO: [ app_init ] --START--
INFO: Run Behavior\BuildLiteBehavior [ RunTime:0.000000s ]
INFO: [ app_init ] --END-- [ RunTime:0.001000s ]
ERR: 无法加载模块:Public

[ 2015-09-14T09:37:16+08:00 ] 127.0.0.1 /sunyan2015/022/Public/js/jquery-1.7.2.min
INFO: [ app_init ] --START--
INFO: Run Behavior\BuildLiteBehavior [ RunTime:0.000000s ]
INFO: [ app_init ] --END-- [ RunTime:0.000000s ]
ERR: 无法加载模块:Public

[ 2015-09-14T09:37:26+08:00 ] 127.0.0.1 /sunyan2015/022/Public/js/jquery-1.7.2.min
INFO: [ app_init ] --START--
INFO: Run Behavior\BuildLiteBehavior [ RunTime:0.000000s ]
INFO: [ app_init ] --END-- [ RunTime:0.000000s ]
ERR: 无法加载模块:Public

[ 2015-09-14T09:37:41+08:00 ] 127.0.0.1 /sunyan2015/022/Public/js/jquery-1.7.2.min
INFO: [ app_init ] --START--
INFO: Run Behavior\BuildLiteBehavior [ RunTime:0.000000s ]
INFO: [ app_init ] --END-- [ RunTime:0.000000s ]
ERR: 无法加载模块:Public

[ 2015-09-14T09:39:53+08:00 ] 127.0.0.1 /sunyan2015/022/Public/js/jquery-1.7.2.min
INFO: [ app_init ] --START--
INFO: Run Behavior\BuildLiteBehavior [ RunTime:0.000000s ]
INFO: [ app_init ] --END-- [ RunTime:0.001000s ]
ERR: 无法加载模块:Public

[ 2015-09-14T09:40:34+08:00 ] 127.0.0.1 /sunyan2015/022/Public/js/jquery-1.7.2.min
INFO: [ app_init ] --START--
INFO: Run Behavior\BuildLiteBehavior [ RunTime:0.001000s ]
INFO: [ app_init ] --END-- [ RunTime:0.001000s ]
ERR: 无法加载模块:Public

[ 2015-09-14T09:43:16+08:00 ] 127.0.0.1 /sunyan2015/022/Public/js/jquery-1.7.2.min
INFO: [ app_init ] --START--
INFO: Run Behavior\BuildLiteBehavior [ RunTime:0.000000s ]
INFO: [ app_init ] --END-- [ RunTime:0.001000s ]
ERR: 无法加载模块:Public

[ 2015-09-14T09:44:57+08:00 ] 127.0.0.1 /sunyan2015/022/Public/js/jquery-1.7.2.min
INFO: [ app_init ] --START--
INFO: Run Behavior\BuildLiteBehavior [ RunTime:0.000000s ]
INFO: [ app_init ] --END-- [ RunTime:0.000000s ]
ERR: 无法加载模块:Public

[ 2015-09-14T09:45:17+08:00 ] 127.0.0.1 /sunyan2015/022/Public/js/jquery-1.7.2.min
INFO: [ app_init ] --START--
INFO: Run Behavior\BuildLiteBehavior [ RunTime:0.000000s ]
INFO: [ app_init ] --END-- [ RunTime:0.001000s ]
ERR: 无法加载模块:Public

[ 2015-09-14T09:50:12+08:00 ] 127.0.0.1 /sunyan2015/022/Public/js/jquery-1.7.2.min
INFO: [ app_init ] --START--
INFO: Run Behavior\BuildLiteBehavior [ RunTime:0.000000s ]
INFO: [ app_init ] --END-- [ RunTime:0.001000s ]
ERR: 无法加载模块:Public

[ 2015-09-14T09:50:31+08:00 ] 127.0.0.1 /sunyan2015/022/Public/js/jquery-1.7.2.min
INFO: [ app_init ] --START--
INFO: Run Behavior\BuildLiteBehavior [ RunTime:0.000000s ]
INFO: [ app_init ] --END-- [ RunTime:0.000000s ]
ERR: 无法加载模块:Public

[ 2015-09-14T09:51:03+08:00 ] 127.0.0.1 /sunyan2015/022/Public/js/jquery-1.7.2.min
INFO: [ app_init ] --START--
INFO: Run Behavior\BuildLiteBehavior [ RunTime:0.000000s ]
INFO: [ app_init ] --END-- [ RunTime:0.000000s ]
ERR: 无法加载模块:Public

[ 2015-09-14T09:51:15+08:00 ] 127.0.0.1 /sunyan2015/022/Public/js/jquery-1.7.2.min
INFO: [ app_init ] --START--
INFO: Run Behavior\BuildLiteBehavior [ RunTime:0.000000s ]
INFO: [ app_init ] --END-- [ RunTime:0.001000s ]
ERR: 无法加载模块:Public

[ 2015-09-14T09:52:17+08:00 ] 127.0.0.1 /sunyan2015/022/Public/js/jquery-1.7.2.min
INFO: [ app_init ] --START--
INFO: Run Behavior\BuildLiteBehavior [ RunTime:0.000000s ]
INFO: [ app_init ] --END-- [ RunTime:0.001000s ]
ERR: 无法加载模块:Public

[ 2015-09-14T09:52:33+08:00 ] 127.0.0.1 /sunyan2015/022/Public/js/jquery-1.7.2.min
INFO: [ app_init ] --START--
INFO: Run Behavior\BuildLiteBehavior [ RunTime:0.000000s ]
INFO: [ app_init ] --END-- [ RunTime:0.001000s ]
ERR: 无法加载模块:Public

[ 2015-09-14T09:53:27+08:00 ] 127.0.0.1 /sunyan2015/022/Public/js/jquery-1.7.2.min
INFO: [ app_init ] --START--
INFO: Run Behavior\BuildLiteBehavior [ RunTime:0.000000s ]
INFO: [ app_init ] --END-- [ RunTime:0.001000s ]
ERR: 无法加载模块:Public

[ 2015-09-14T09:54:06+08:00 ] 127.0.0.1 /sunyan2015/022/Public/js/jquery-1.7.2.min
INFO: [ app_init ] --START--
INFO: Run Behavior\BuildLiteBehavior [ RunTime:0.000000s ]
INFO: [ app_init ] --END-- [ RunTime:0.000000s ]
ERR: 无法加载模块:Public

[ 2015-09-14T09:54:24+08:00 ] 127.0.0.1 /sunyan2015/022/Public/js/jquery-1.7.2.min
INFO: [ app_init ] --START--
INFO: Run Behavior\BuildLiteBehavior [ RunTime:0.000000s ]
INFO: [ app_init ] --END-- [ RunTime:0.000000s ]
ERR: 无法加载模块:Public

[ 2015-09-14T09:54:26+08:00 ] 127.0.0.1 /sunyan2015/022/Public/js/jquery-1.7.2.min
INFO: [ app_init ] --START--
INFO: Run Behavior\BuildLiteBehavior [ RunTime:0.000000s ]
INFO: [ app_init ] --END-- [ RunTime:0.000000s ]
ERR: 无法加载模块:Public

[ 2015-09-14T09:54:27+08:00 ] 127.0.0.1 /sunyan2015/022/Public/js/jquery-1.7.2.min
INFO: [ app_init ] --START--
INFO: Run Behavior\BuildLiteBehavior [ RunTime:0.000000s ]
INFO: [ app_init ] --END-- [ RunTime:0.000000s ]
ERR: 无法加载模块:Public

[ 2015-09-14T09:55:09+08:00 ] 127.0.0.1 /sunyan2015/022/Public/js/jquery-1.7.2.min
INFO: [ app_init ] --START--
INFO: Run Behavior\BuildLiteBehavior [ RunTime:0.000000s ]
INFO: [ app_init ] --END-- [ RunTime:0.001000s ]
ERR: 无法加载模块:Public

[ 2015-09-14T09:55:27+08:00 ] 127.0.0.1 /sunyan2015/022/Public/js/jquery-1.7.2.min
INFO: [ app_init ] --START--
INFO: Run Behavior\BuildLiteBehavior [ RunTime:0.000000s ]
INFO: [ app_init ] --END-- [ RunTime:0.001000s ]
ERR: 无法加载模块:Public

[ 2015-09-14T09:57:05+08:00 ] 127.0.0.1 /sunyan2015/022/Public/js/jquery-1.7.2.min
INFO: [ app_init ] --START--
INFO: Run Behavior\BuildLiteBehavior [ RunTime:0.000000s ]
INFO: [ app_init ] --END-- [ RunTime:0.000000s ]
ERR: 无法加载模块:Public

[ 2015-09-14T09:59:28+08:00 ] 127.0.0.1 /sunyan2015/022/Public/js/jquery-1.7.2.min
INFO: [ app_init ] --START--
INFO: Run Behavior\BuildLiteBehavior [ RunTime:0.000000s ]
INFO: [ app_init ] --END-- [ RunTime:0.000000s ]
ERR: 无法加载模块:Public

[ 2015-09-14T10:00:16+08:00 ] 127.0.0.1 /sunyan2015/022/Public/js/jquery-1.7.2.min
INFO: [ app_init ] --START--
INFO: Run Behavior\BuildLiteBehavior [ RunTime:0.000000s ]
INFO: [ app_init ] --END-- [ RunTime:0.000000s ]
ERR: 无法加载模块:Public

