[ 2015-09-04T09:24:53+08:00 ] 127.0.0.1 /sunyan2015/022/js/jquery-1.7.2.min
INFO: [ app_init ] --START--
INFO: Run Behavior\BuildLiteBehavior [ RunTime:0.001000s ]
INFO: [ app_init ] --END-- [ RunTime:0.001000s ]
ERR: 无法加载模块:Js

[ 2015-09-04T09:24:53+08:00 ] 127.0.0.1 /sunyan2015/022/bootstrap-3.3.5-dist/js/bootstrap.min.js
INFO: [ app_init ] --START--
INFO: Run Behavior\BuildLiteBehavior [ RunTime:0.000000s ]
INFO: [ app_init ] --END-- [ RunTime:0.001000s ]
ERR: 无法加载模块:Bootstrap-3.3.5-dist

[ 2015-09-04T09:24:53+08:00 ] 127.0.0.1 /sunyan2015/022/bootstrap-3.3.5-dist/css/bootstrap.min.css
INFO: [ app_init ] --START--
INFO: Run Behavior\BuildLiteBehavior [ RunTime:0.000000s ]
INFO: [ app_init ] --END-- [ RunTime:0.000000s ]
ERR: 无法加载模块:Bootstrap-3.3.5-dist

[ 2015-09-04T09:24:53+08:00 ] 127.0.0.1 /sunyan2015/022/bootstrap-3.3.5-dist/js/bootstrap.min.js
INFO: [ app_init ] --START--
INFO: Run Behavior\BuildLiteBehavior [ RunTime:0.000000s ]
INFO: [ app_init ] --END-- [ RunTime:0.001000s ]
ERR: 无法加载模块:Bootstrap-3.3.5-dist

[ 2015-09-04T09:24:53+08:00 ] 127.0.0.1 /sunyan2015/022/bootstrap-3.3.5-dist/css/bootstrap.min.css
INFO: [ app_init ] --START--
INFO: Run Behavior\BuildLiteBehavior [ RunTime:0.000000s ]
INFO: [ app_init ] --END-- [ RunTime:0.000000s ]
ERR: 无法加载模块:Bootstrap-3.3.5-dist

[ 2015-09-04T09:34:23+08:00 ] 127.0.0.1 /sunyan2015/022/js/jquery-1.7.2.min
INFO: [ app_init ] --START--
INFO: Run Behavior\BuildLiteBehavior [ RunTime:0.000000s ]
INFO: [ app_init ] --END-- [ RunTime:0.015600s ]
ERR: 无法加载模块:Js

[ 2015-09-04T09:34:23+08:00 ] 127.0.0.1 /sunyan2015/022/bootstrap-3.3.5-dist/css/bootstrap.min.css
INFO: [ app_init ] --START--
INFO: Run Behavior\BuildLiteBehavior [ RunTime:0.000000s ]
INFO: [ app_init ] --END-- [ RunTime:0.000000s ]
ERR: 无法加载模块:Bootstrap-3.3.5-dist

[ 2015-09-04T09:34:23+08:00 ] 127.0.0.1 /sunyan2015/022/bootstrap-3.3.5-dist/js/bootstrap.min.js
INFO: [ app_init ] --START--
INFO: Run Behavior\BuildLiteBehavior [ RunTime:0.000000s ]
INFO: [ app_init ] --END-- [ RunTime:0.000000s ]
ERR: 无法加载模块:Bootstrap-3.3.5-dist

[ 2015-09-04T13:25:30+08:00 ] 127.0.0.1 /sunyan2015/022/css/bootstrap.min.css
INFO: [ app_init ] --START--
INFO: Run Behavior\BuildLiteBehavior [ RunTime:0.000000s ]
INFO: [ app_init ] --END-- [ RunTime:0.000000s ]
ERR: 无法加载模块:Css

[ 2015-09-04T13:25:30+08:00 ] 127.0.0.1 /sunyan2015/022/js/jquery-1.7.2.min
INFO: [ app_init ] --START--
INFO: Run Behavior\BuildLiteBehavior [ RunTime:0.000000s ]
INFO: [ app_init ] --END-- [ RunTime:0.000000s ]
ERR: 无法加载模块:Js

[ 2015-09-04T13:25:30+08:00 ] 127.0.0.1 /sunyan2015/022/js/bootstrap.min.js
INFO: [ app_init ] --START--
INFO: Run Behavior\BuildLiteBehavior [ RunTime:0.000000s ]
INFO: [ app_init ] --END-- [ RunTime:0.000000s ]
ERR: 无法加载模块:Js

[ 2015-09-04T13:25:30+08:00 ] 127.0.0.1 /sunyan2015/022/js/bootstrap.min.js
INFO: [ app_init ] --START--
INFO: Run Behavior\BuildLiteBehavior [ RunTime:0.000000s ]
INFO: [ app_init ] --END-- [ RunTime:0.001000s ]
ERR: 无法加载模块:Js

[ 2015-09-04T13:26:04+08:00 ] 127.0.0.1 /sunyan2015/022/js/jquery-1.7.2.min
INFO: [ app_init ] --START--
INFO: Run Behavior\BuildLiteBehavior [ RunTime:0.000000s ]
INFO: [ app_init ] --END-- [ RunTime:0.000000s ]
ERR: 无法加载模块:Js

[ 2015-09-04T13:26:04+08:00 ] 127.0.0.1 /sunyan2015/022/css/bootstrap.min.css
INFO: [ app_init ] --START--
INFO: Run Behavior\BuildLiteBehavior [ RunTime:0.000000s ]
INFO: [ app_init ] --END-- [ RunTime:0.000000s ]
ERR: 无法加载模块:Css

[ 2015-09-04T13:26:04+08:00 ] 127.0.0.1 /sunyan2015/022/js/bootstrap.min.js
INFO: [ app_init ] --START--
INFO: Run Behavior\BuildLiteBehavior [ RunTime:0.000000s ]
INFO: [ app_init ] --END-- [ RunTime:0.000000s ]
ERR: 无法加载模块:Js

[ 2015-09-04T13:27:42+08:00 ] 127.0.0.1 /sunyan2015/022/css/bootstrap.min.css
INFO: [ app_init ] --START--
INFO: Run Behavior\BuildLiteBehavior [ RunTime:0.000000s ]
INFO: [ app_init ] --END-- [ RunTime:0.001000s ]
ERR: 无法加载模块:Css

[ 2015-09-04T13:27:42+08:00 ] 127.0.0.1 /sunyan2015/022/js/jquery-1.7.2.min
INFO: [ app_init ] --START--
INFO: Run Behavior\BuildLiteBehavior [ RunTime:0.000000s ]
INFO: [ app_init ] --END-- [ RunTime:0.000000s ]
ERR: 无法加载模块:Js

[ 2015-09-04T13:27:42+08:00 ] 127.0.0.1 /sunyan2015/022/js/bootstrap.min.js
INFO: [ app_init ] --START--
INFO: Run Behavior\BuildLiteBehavior [ RunTime:0.000000s ]
INFO: [ app_init ] --END-- [ RunTime:0.000000s ]
ERR: 无法加载模块:Js

[ 2015-09-04T13:45:59+08:00 ] 127.0.0.1 /sunyan2015/022/Public/js/jquery-1.7.2.min
INFO: [ app_init ] --START--
INFO: Run Behavior\BuildLiteBehavior [ RunTime:0.000000s ]
INFO: [ app_init ] --END-- [ RunTime:0.000000s ]
ERR: 无法加载模块:Public

[ 2015-09-04T13:48:58+08:00 ] 127.0.0.1 /sunyan2015/022/Public/js/jquery-1.7.2.min
INFO: [ app_init ] --START--
INFO: Run Behavior\BuildLiteBehavior [ RunTime:0.000000s ]
INFO: [ app_init ] --END-- [ RunTime:0.001001s ]
ERR: 无法加载模块:Public

[ 2015-09-04T13:49:00+08:00 ] 127.0.0.1 /sunyan2015/022/Public/js/jquery-1.7.2.min
INFO: [ app_init ] --START--
INFO: Run Behavior\BuildLiteBehavior [ RunTime:0.000000s ]
INFO: [ app_init ] --END-- [ RunTime:0.000000s ]
ERR: 无法加载模块:Public

[ 2015-09-04T14:03:33+08:00 ] 127.0.0.1 /sunyan2015/022/Public/js/jquery-1.7.2.min
INFO: [ app_init ] --START--
INFO: Run Behavior\BuildLiteBehavior [ RunTime:0.000000s ]
INFO: [ app_init ] --END-- [ RunTime:0.001000s ]
ERR: 无法加载模块:Public

[ 2015-09-04T14:04:10+08:00 ] 127.0.0.1 /sunyan2015/022/Public/js/jquery-1.7.2.min
INFO: [ app_init ] --START--
INFO: Run Behavior\BuildLiteBehavior [ RunTime:0.000000s ]
INFO: [ app_init ] --END-- [ RunTime:0.000000s ]
ERR: 无法加载模块:Public

[ 2015-09-04T14:05:15+08:00 ] 127.0.0.1 /sunyan2015/022/Public/js/jquery-1.7.2.min
INFO: [ app_init ] --START--
INFO: Run Behavior\BuildLiteBehavior [ RunTime:0.000000s ]
INFO: [ app_init ] --END-- [ RunTime:0.001000s ]
ERR: 无法加载模块:Public

[ 2015-09-04T14:05:38+08:00 ] 127.0.0.1 /sunyan2015/022/Public/js/jquery-1.7.2.min
INFO: [ app_init ] --START--
INFO: Run Behavior\BuildLiteBehavior [ RunTime:0.000000s ]
INFO: [ app_init ] --END-- [ RunTime:0.000000s ]
ERR: 无法加载模块:Public

[ 2015-09-04T14:06:37+08:00 ] 127.0.0.1 /sunyan2015/022/Public/js/jquery-1.7.2.min
INFO: [ app_init ] --START--
INFO: Run Behavior\BuildLiteBehavior [ RunTime:0.000000s ]
INFO: [ app_init ] --END-- [ RunTime:0.001000s ]
ERR: 无法加载模块:Public

[ 2015-09-04T14:06:48+08:00 ] 127.0.0.1 /sunyan2015/022/Public/js/jquery-1.7.2.min
INFO: [ app_init ] --START--
INFO: Run Behavior\BuildLiteBehavior [ RunTime:0.000000s ]
INFO: [ app_init ] --END-- [ RunTime:0.000000s ]
ERR: 无法加载模块:Public

[ 2015-09-04T14:07:29+08:00 ] 127.0.0.1 /sunyan2015/022/Public/js/jquery-1.7.2.min
INFO: [ app_init ] --START--
INFO: Run Behavior\BuildLiteBehavior [ RunTime:0.000000s ]
INFO: [ app_init ] --END-- [ RunTime:0.001000s ]
ERR: 无法加载模块:Public

[ 2015-09-04T14:07:42+08:00 ] 127.0.0.1 /sunyan2015/022/Public/js/jquery-1.7.2.min
INFO: [ app_init ] --START--
INFO: Run Behavior\BuildLiteBehavior [ RunTime:0.000000s ]
INFO: [ app_init ] --END-- [ RunTime:0.000000s ]
ERR: 无法加载模块:Public

[ 2015-09-04T14:08:13+08:00 ] 127.0.0.1 /sunyan2015/022/Public/js/jquery-1.7.2.min
INFO: [ app_init ] --START--
INFO: Run Behavior\BuildLiteBehavior [ RunTime:0.000000s ]
INFO: [ app_init ] --END-- [ RunTime:0.000000s ]
ERR: 无法加载模块:Public

[ 2015-09-04T14:08:59+08:00 ] 127.0.0.1 /sunyan2015/022/Public/js/jquery-1.7.2.min
INFO: [ app_init ] --START--
INFO: Run Behavior\BuildLiteBehavior [ RunTime:0.000000s ]
INFO: [ app_init ] --END-- [ RunTime:0.000000s ]
ERR: 无法加载模块:Public

[ 2015-09-04T14:10:19+08:00 ] 127.0.0.1 /sunyan2015/022/Public/js/jquery-1.7.2.min
INFO: [ app_init ] --START--
INFO: Run Behavior\BuildLiteBehavior [ RunTime:0.000000s ]
INFO: [ app_init ] --END-- [ RunTime:0.001000s ]
ERR: 无法加载模块:Public

[ 2015-09-04T14:18:23+08:00 ] 127.0.0.1 /sunyan2015/022/Public/js/jquery-1.7.2.min
INFO: [ app_init ] --START--
INFO: Run Behavior\BuildLiteBehavior [ RunTime:0.000000s ]
INFO: [ app_init ] --END-- [ RunTime:0.000000s ]
ERR: 无法加载模块:Public

[ 2015-09-04T14:23:20+08:00 ] 127.0.0.1 /sunyan2015/022/Public/js/jquery-1.7.2.min
INFO: [ app_init ] --START--
INFO: Run Behavior\BuildLiteBehavior [ RunTime:0.000000s ]
INFO: [ app_init ] --END-- [ RunTime:0.001000s ]
ERR: 无法加载模块:Public

[ 2015-09-04T14:23:47+08:00 ] 127.0.0.1 /sunyan2015/022/Public/js/jquery-1.7.2.min
INFO: [ app_init ] --START--
INFO: Run Behavior\BuildLiteBehavior [ RunTime:0.000000s ]
INFO: [ app_init ] --END-- [ RunTime:0.000000s ]
ERR: 无法加载模块:Public

[ 2015-09-04T14:29:36+08:00 ] 127.0.0.1 /sunyan2015/022/Public/js/jquery-1.7.2.min
INFO: [ app_init ] --START--
INFO: Run Behavior\BuildLiteBehavior [ RunTime:0.000000s ]
INFO: [ app_init ] --END-- [ RunTime:0.000000s ]
ERR: 无法加载模块:Public

[ 2015-09-04T14:33:00+08:00 ] 127.0.0.1 /sunyan2015/022/Public/js/jquery-1.7.2.min
INFO: [ app_init ] --START--
INFO: Run Behavior\BuildLiteBehavior [ RunTime:0.000000s ]
INFO: [ app_init ] --END-- [ RunTime:0.000000s ]
ERR: 无法加载模块:Public

[ 2015-09-04T14:33:25+08:00 ] 127.0.0.1 /sunyan2015/022/Public/js/jquery-1.7.2.min
INFO: [ app_init ] --START--
INFO: Run Behavior\BuildLiteBehavior [ RunTime:0.000000s ]
INFO: [ app_init ] --END-- [ RunTime:0.000000s ]
ERR: 无法加载模块:Public

[ 2015-09-04T14:58:30+08:00 ] 127.0.0.1 /sunyan2015/022/Public/js/jquery-1.7.2.min
INFO: [ app_init ] --START--
INFO: Run Behavior\BuildLiteBehavior [ RunTime:0.000000s ]
INFO: [ app_init ] --END-- [ RunTime:0.000000s ]
ERR: 无法加载模块:Public

[ 2015-09-04T14:59:09+08:00 ] 127.0.0.1 /sunyan2015/022/Public/js/jquery-1.7.2.min
INFO: [ app_init ] --START--
INFO: Run Behavior\BuildLiteBehavior [ RunTime:0.000000s ]
INFO: [ app_init ] --END-- [ RunTime:0.000000s ]
ERR: 无法加载模块:Public

[ 2015-09-04T15:00:56+08:00 ] 127.0.0.1 /sunyan2015/022/Public/js/jquery-1.7.2.min
INFO: [ app_init ] --START--
INFO: Run Behavior\BuildLiteBehavior [ RunTime:0.000000s ]
INFO: [ app_init ] --END-- [ RunTime:0.001000s ]
ERR: 无法加载模块:Public

[ 2015-09-04T15:01:21+08:00 ] 127.0.0.1 /sunyan2015/022/Public/js/jquery-1.7.2.min
INFO: [ app_init ] --START--
INFO: Run Behavior\BuildLiteBehavior [ RunTime:0.000000s ]
INFO: [ app_init ] --END-- [ RunTime:0.001000s ]
ERR: 无法加载模块:Public

[ 2015-09-04T15:01:56+08:00 ] 127.0.0.1 /sunyan2015/022/Public/js/jquery-1.7.2.min
INFO: [ app_init ] --START--
INFO: Run Behavior\BuildLiteBehavior [ RunTime:0.000000s ]
INFO: [ app_init ] --END-- [ RunTime:0.000000s ]
ERR: 无法加载模块:Public

[ 2015-09-04T15:03:26+08:00 ] 127.0.0.1 /sunyan2015/022/Public/js/jquery-1.7.2.min
INFO: [ app_init ] --START--
INFO: Run Behavior\BuildLiteBehavior [ RunTime:0.000000s ]
INFO: [ app_init ] --END-- [ RunTime:0.000000s ]
ERR: 无法加载模块:Public

[ 2015-09-04T15:04:08+08:00 ] 127.0.0.1 /sunyan2015/022/Public/js/jquery-1.7.2.min
INFO: [ app_init ] --START--
INFO: Run Behavior\BuildLiteBehavior [ RunTime:0.000000s ]
INFO: [ app_init ] --END-- [ RunTime:0.001000s ]
ERR: 无法加载模块:Public

[ 2015-09-04T15:04:36+08:00 ] 127.0.0.1 /sunyan2015/022/Public/js/jquery-1.7.2.min
INFO: [ app_init ] --START--
INFO: Run Behavior\BuildLiteBehavior [ RunTime:0.000000s ]
INFO: [ app_init ] --END-- [ RunTime:0.000000s ]
ERR: 无法加载模块:Public

[ 2015-09-04T15:11:12+08:00 ] 127.0.0.1 /sunyan2015/022/Public/js/jquery-1.7.2.min
INFO: [ app_init ] --START--
INFO: Run Behavior\BuildLiteBehavior [ RunTime:0.000000s ]
INFO: [ app_init ] --END-- [ RunTime:0.001000s ]
ERR: 无法加载模块:Public

[ 2015-09-04T15:14:36+08:00 ] 127.0.0.1 /sunyan2015/022/Public/js/jquery-1.7.2.min
INFO: [ app_init ] --START--
INFO: Run Behavior\BuildLiteBehavior [ RunTime:0.000000s ]
INFO: [ app_init ] --END-- [ RunTime:0.000000s ]
ERR: 无法加载模块:Public

[ 2015-09-04T15:18:38+08:00 ] 127.0.0.1 /sunyan2015/022/Public/js/jquery-1.7.2.min
INFO: [ app_init ] --START--
INFO: Run Behavior\BuildLiteBehavior [ RunTime:0.000000s ]
INFO: [ app_init ] --END-- [ RunTime:0.000000s ]
ERR: 无法加载模块:Public

[ 2015-09-04T15:18:57+08:00 ] 127.0.0.1 /sunyan2015/022/Public/js/jquery-1.7.2.min
INFO: [ app_init ] --START--
INFO: Run Behavior\BuildLiteBehavior [ RunTime:0.001000s ]
INFO: [ app_init ] --END-- [ RunTime:0.001000s ]
ERR: 无法加载模块:Public

[ 2015-09-04T15:19:28+08:00 ] 127.0.0.1 /sunyan2015/022/Public/js/jquery-1.7.2.min
INFO: [ app_init ] --START--
INFO: Run Behavior\BuildLiteBehavior [ RunTime:0.000000s ]
INFO: [ app_init ] --END-- [ RunTime:0.000000s ]
ERR: 无法加载模块:Public

[ 2015-09-04T15:19:47+08:00 ] 127.0.0.1 /sunyan2015/022/Public/js/jquery-1.7.2.min
INFO: [ app_init ] --START--
INFO: Run Behavior\BuildLiteBehavior [ RunTime:0.000000s ]
INFO: [ app_init ] --END-- [ RunTime:0.001000s ]
ERR: 无法加载模块:Public

[ 2015-09-04T19:10:38+08:00 ] 127.0.0.1 /sunyan2015/022/Public/js/jquery-1.7.2.min
INFO: [ app_init ] --START--
INFO: Run Behavior\BuildLiteBehavior [ RunTime:0.000000s ]
INFO: [ app_init ] --END-- [ RunTime:0.000000s ]
ERR: 无法加载模块:Public

[ 2015-09-04T19:12:30+08:00 ] 127.0.0.1 /sunyan2015/022/Public/js/jquery-1.7.2.min
INFO: [ app_init ] --START--
INFO: Run Behavior\BuildLiteBehavior [ RunTime:0.000000s ]
INFO: [ app_init ] --END-- [ RunTime:0.000000s ]
ERR: 无法加载模块:Public

[ 2015-09-04T19:12:45+08:00 ] 127.0.0.1 /sunyan2015/022/Public/js/jquery-1.7.2.min
INFO: [ app_init ] --START--
INFO: Run Behavior\BuildLiteBehavior [ RunTime:0.000000s ]
INFO: [ app_init ] --END-- [ RunTime:0.001000s ]
ERR: 无法加载模块:Public

[ 2015-09-04T19:16:02+08:00 ] 127.0.0.1 /sunyan2015/022/Public/js/jquery-1.7.2.min
INFO: [ app_init ] --START--
INFO: Run Behavior\BuildLiteBehavior [ RunTime:0.000000s ]
INFO: [ app_init ] --END-- [ RunTime:0.001000s ]
ERR: 无法加载模块:Public

[ 2015-09-04T19:16:39+08:00 ] 127.0.0.1 /sunyan2015/022/Public/js/jquery-1.7.2.min
INFO: [ app_init ] --START--
INFO: Run Behavior\BuildLiteBehavior [ RunTime:0.000000s ]
INFO: [ app_init ] --END-- [ RunTime:0.001000s ]
ERR: 无法加载模块:Public

[ 2015-09-04T19:17:34+08:00 ] 127.0.0.1 /sunyan2015/022/Public/js/jquery-1.7.2.min
INFO: [ app_init ] --START--
INFO: Run Behavior\BuildLiteBehavior [ RunTime:0.000000s ]
INFO: [ app_init ] --END-- [ RunTime:0.001000s ]
ERR: 无法加载模块:Public

[ 2015-09-04T19:17:53+08:00 ] 127.0.0.1 /sunyan2015/022/Public/js/jquery-1.7.2.min
INFO: [ app_init ] --START--
INFO: Run Behavior\BuildLiteBehavior [ RunTime:0.000000s ]
INFO: [ app_init ] --END-- [ RunTime:0.000000s ]
ERR: 无法加载模块:Public

[ 2015-09-04T19:17:54+08:00 ] 127.0.0.1 /sunyan2015/022/Public/js/jquery-1.7.2.min
INFO: [ app_init ] --START--
INFO: Run Behavior\BuildLiteBehavior [ RunTime:0.000000s ]
INFO: [ app_init ] --END-- [ RunTime:0.000000s ]
ERR: 无法加载模块:Public

[ 2015-09-04T19:18:06+08:00 ] 127.0.0.1 /sunyan2015/022/Public/js/jquery-1.7.2.min
INFO: [ app_init ] --START--
INFO: Run Behavior\BuildLiteBehavior [ RunTime:0.000000s ]
INFO: [ app_init ] --END-- [ RunTime:0.000000s ]
ERR: 无法加载模块:Public

[ 2015-09-04T19:20:40+08:00 ] 127.0.0.1 /sunyan2015/022/Public/js/jquery-1.7.2.min
INFO: [ app_init ] --START--
INFO: Run Behavior\BuildLiteBehavior [ RunTime:0.000000s ]
INFO: [ app_init ] --END-- [ RunTime:0.000000s ]
ERR: 无法加载模块:Public

[ 2015-09-04T19:20:59+08:00 ] 127.0.0.1 /sunyan2015/022/Public/js/jquery-1.7.2.min
INFO: [ app_init ] --START--
INFO: Run Behavior\BuildLiteBehavior [ RunTime:0.000000s ]
INFO: [ app_init ] --END-- [ RunTime:0.000000s ]
ERR: 无法加载模块:Public

[ 2015-09-04T19:21:17+08:00 ] 127.0.0.1 /sunyan2015/022/Public/js/jquery-1.7.2.min
INFO: [ app_init ] --START--
INFO: Run Behavior\BuildLiteBehavior [ RunTime:0.000000s ]
INFO: [ app_init ] --END-- [ RunTime:0.000000s ]
ERR: 无法加载模块:Public

[ 2015-09-04T19:22:16+08:00 ] 127.0.0.1 /sunyan2015/022/Public/js/jquery-1.7.2.min
INFO: [ app_init ] --START--
INFO: Run Behavior\BuildLiteBehavior [ RunTime:0.000000s ]
INFO: [ app_init ] --END-- [ RunTime:0.000000s ]
ERR: 无法加载模块:Public

[ 2015-09-04T19:22:17+08:00 ] 127.0.0.1 /sunyan2015/022/Public/js/jquery-1.7.2.min
INFO: [ app_init ] --START--
INFO: Run Behavior\BuildLiteBehavior [ RunTime:0.000000s ]
INFO: [ app_init ] --END-- [ RunTime:0.001000s ]
ERR: 无法加载模块:Public

[ 2015-09-04T19:22:32+08:00 ] 127.0.0.1 /sunyan2015/022/Public/js/jquery-1.7.2.min
INFO: [ app_init ] --START--
INFO: Run Behavior\BuildLiteBehavior [ RunTime:0.000000s ]
INFO: [ app_init ] --END-- [ RunTime:0.001001s ]
ERR: 无法加载模块:Public

[ 2015-09-04T19:22:33+08:00 ] 127.0.0.1 /sunyan2015/022/Public/js/jquery-1.7.2.min
INFO: [ app_init ] --START--
INFO: Run Behavior\BuildLiteBehavior [ RunTime:0.000000s ]
INFO: [ app_init ] --END-- [ RunTime:0.001000s ]
ERR: 无法加载模块:Public

[ 2015-09-04T19:22:35+08:00 ] 127.0.0.1 /sunyan2015/022/Public/js/jquery-1.7.2.min
INFO: [ app_init ] --START--
INFO: Run Behavior\BuildLiteBehavior [ RunTime:0.000000s ]
INFO: [ app_init ] --END-- [ RunTime:0.000000s ]
ERR: 无法加载模块:Public

[ 2015-09-04T19:23:06+08:00 ] 127.0.0.1 /sunyan2015/022/Public/js/jquery-1.7.2.min
INFO: [ app_init ] --START--
INFO: Run Behavior\BuildLiteBehavior [ RunTime:0.000000s ]
INFO: [ app_init ] --END-- [ RunTime:0.000000s ]
ERR: 无法加载模块:Public

[ 2015-09-04T19:23:45+08:00 ] 127.0.0.1 /sunyan2015/022/Public/js/jquery-1.7.2.min
INFO: [ app_init ] --START--
INFO: Run Behavior\BuildLiteBehavior [ RunTime:0.000000s ]
INFO: [ app_init ] --END-- [ RunTime:0.001000s ]
ERR: 无法加载模块:Public

[ 2015-09-04T19:25:26+08:00 ] 127.0.0.1 /sunyan2015/022/Public/js/jquery-1.7.2.min
INFO: [ app_init ] --START--
INFO: Run Behavior\BuildLiteBehavior [ RunTime:0.000000s ]
INFO: [ app_init ] --END-- [ RunTime:0.001000s ]
ERR: 无法加载模块:Public

[ 2015-09-04T19:25:37+08:00 ] 127.0.0.1 /sunyan2015/022/Public/js/jquery-1.7.2.min
INFO: [ app_init ] --START--
INFO: Run Behavior\BuildLiteBehavior [ RunTime:0.000000s ]
INFO: [ app_init ] --END-- [ RunTime:0.001000s ]
ERR: 无法加载模块:Public

[ 2015-09-04T19:26:35+08:00 ] 127.0.0.1 /sunyan2015/022/Public/js/jquery-1.7.2.min
INFO: [ app_init ] --START--
INFO: Run Behavior\BuildLiteBehavior [ RunTime:0.000000s ]
INFO: [ app_init ] --END-- [ RunTime:0.001000s ]
ERR: 无法加载模块:Public

[ 2015-09-04T19:26:38+08:00 ] 127.0.0.1 /sunyan2015/022/Public/js/jquery-1.7.2.min
INFO: [ app_init ] --START--
INFO: Run Behavior\BuildLiteBehavior [ RunTime:0.001000s ]
INFO: [ app_init ] --END-- [ RunTime:0.001000s ]
ERR: 无法加载模块:Public

[ 2015-09-04T19:27:54+08:00 ] 127.0.0.1 /sunyan2015/022/Public/js/jquery-1.7.2.min
INFO: [ app_init ] --START--
INFO: Run Behavior\BuildLiteBehavior [ RunTime:0.000000s ]
INFO: [ app_init ] --END-- [ RunTime:0.000000s ]
ERR: 无法加载模块:Public

[ 2015-09-04T19:27:58+08:00 ] 127.0.0.1 /sunyan2015/022/Public/js/jquery-1.7.2.min
INFO: [ app_init ] --START--
INFO: Run Behavior\BuildLiteBehavior [ RunTime:0.000000s ]
INFO: [ app_init ] --END-- [ RunTime:0.001000s ]
ERR: 无法加载模块:Public

[ 2015-09-04T19:28:12+08:00 ] 127.0.0.1 /sunyan2015/022/Public/js/jquery-1.7.2.min
INFO: [ app_init ] --START--
INFO: Run Behavior\BuildLiteBehavior [ RunTime:0.000000s ]
INFO: [ app_init ] --END-- [ RunTime:0.001000s ]
ERR: 无法加载模块:Public

[ 2015-09-04T19:36:51+08:00 ] 127.0.0.1 /sunyan2015/022/Public/js/jquery-1.7.2.min
INFO: [ app_init ] --START--
INFO: Run Behavior\BuildLiteBehavior [ RunTime:0.000000s ]
INFO: [ app_init ] --END-- [ RunTime:0.000000s ]
ERR: 无法加载模块:Public

[ 2015-09-04T19:37:09+08:00 ] 127.0.0.1 /sunyan2015/022/Public/js/jquery-1.7.2.min
INFO: [ app_init ] --START--
INFO: Run Behavior\BuildLiteBehavior [ RunTime:0.000000s ]
INFO: [ app_init ] --END-- [ RunTime:0.001000s ]
ERR: 无法加载模块:Public

[ 2015-09-04T19:37:22+08:00 ] 127.0.0.1 /sunyan2015/022/Public/js/jquery-1.7.2.min
INFO: [ app_init ] --START--
INFO: Run Behavior\BuildLiteBehavior [ RunTime:0.000000s ]
INFO: [ app_init ] --END-- [ RunTime:0.001000s ]
ERR: 无法加载模块:Public

[ 2015-09-04T19:40:13+08:00 ] 127.0.0.1 /sunyan2015/022/Public/js/jquery-1.7.2.min
INFO: [ app_init ] --START--
INFO: Run Behavior\BuildLiteBehavior [ RunTime:0.000000s ]
INFO: [ app_init ] --END-- [ RunTime:0.000000s ]
ERR: 无法加载模块:Public

[ 2015-09-04T19:40:34+08:00 ] 127.0.0.1 /sunyan2015/022/Public/js/jquery-1.7.2.min
INFO: [ app_init ] --START--
INFO: Run Behavior\BuildLiteBehavior [ RunTime:0.000000s ]
INFO: [ app_init ] --END-- [ RunTime:0.000000s ]
ERR: 无法加载模块:Public

[ 2015-09-04T19:43:13+08:00 ] 127.0.0.1 /sunyan2015/022/Public/js/jquery-1.7.2.min
INFO: [ app_init ] --START--
INFO: Run Behavior\BuildLiteBehavior [ RunTime:0.000000s ]
INFO: [ app_init ] --END-- [ RunTime:0.000000s ]
ERR: 无法加载模块:Public

[ 2015-09-04T19:49:16+08:00 ] 127.0.0.1 /sunyan2015/022/Public/js/jquery-1.7.2.min
INFO: [ app_init ] --START--
INFO: Run Behavior\BuildLiteBehavior [ RunTime:0.000000s ]
INFO: [ app_init ] --END-- [ RunTime:0.001000s ]
ERR: 无法加载模块:Public

[ 2015-09-04T19:49:32+08:00 ] 127.0.0.1 /sunyan2015/022/Public/js/jquery-1.7.2.min
INFO: [ app_init ] --START--
INFO: Run Behavior\BuildLiteBehavior [ RunTime:0.000000s ]
INFO: [ app_init ] --END-- [ RunTime:0.001000s ]
ERR: 无法加载模块:Public

[ 2015-09-04T19:49:49+08:00 ] 127.0.0.1 /sunyan2015/022/Public/js/jquery-1.7.2.min
INFO: [ app_init ] --START--
INFO: Run Behavior\BuildLiteBehavior [ RunTime:0.000000s ]
INFO: [ app_init ] --END-- [ RunTime:0.001000s ]
ERR: 无法加载模块:Public

[ 2015-09-04T19:50:50+08:00 ] 127.0.0.1 /sunyan2015/022/Public/js/jquery-1.7.2.min
INFO: [ app_init ] --START--
INFO: Run Behavior\BuildLiteBehavior [ RunTime:0.000000s ]
INFO: [ app_init ] --END-- [ RunTime:0.001000s ]
ERR: 无法加载模块:Public

[ 2015-09-04T19:52:11+08:00 ] 127.0.0.1 /sunyan2015/022/Public/js/jquery-1.7.2.min
INFO: [ app_init ] --START--
INFO: Run Behavior\BuildLiteBehavior [ RunTime:0.000000s ]
INFO: [ app_init ] --END-- [ RunTime:0.001000s ]
ERR: 无法加载模块:Public

[ 2015-09-04T19:53:58+08:00 ] 127.0.0.1 /sunyan2015/022/Public/js/jquery-1.7.2.min
INFO: [ app_init ] --START--
INFO: Run Behavior\BuildLiteBehavior [ RunTime:0.000000s ]
INFO: [ app_init ] --END-- [ RunTime:0.000000s ]
ERR: 无法加载模块:Public

[ 2015-09-04T19:54:15+08:00 ] 127.0.0.1 /sunyan2015/022/Public/js/jquery-1.7.2.min
INFO: [ app_init ] --START--
INFO: Run Behavior\BuildLiteBehavior [ RunTime:0.000000s ]
INFO: [ app_init ] --END-- [ RunTime:0.001000s ]
ERR: 无法加载模块:Public

