[ 2015-09-03T18:05:48+08:00 ] 127.0.0.1 /sunyan2015/022/bootstrap-3.3.5-dist/js/bootstrap.min.js
INFO: [ app_init ] --START--
INFO: Run Behavior\BuildLiteBehavior [ RunTime:0.001000s ]
INFO: [ app_init ] --END-- [ RunTime:0.001000s ]
ERR: 无法加载模块:Bootstrap-3.3.5-dist

[ 2015-09-03T18:05:48+08:00 ] 127.0.0.1 /sunyan2015/022/js/jquery-1.7.2.min
INFO: [ app_init ] --START--
INFO: Run Behavior\BuildLiteBehavior [ RunTime:0.000000s ]
INFO: [ app_init ] --END-- [ RunTime:0.001000s ]
ERR: 无法加载模块:Js

[ 2015-09-03T18:05:48+08:00 ] 127.0.0.1 /sunyan2015/022/bootstrap-3.3.5-dist/css/bootstrap.min.css
INFO: [ app_init ] --START--
INFO: Run Behavior\BuildLiteBehavior [ RunTime:0.000000s ]
INFO: [ app_init ] --END-- [ RunTime:0.001000s ]
ERR: 无法加载模块:Bootstrap-3.3.5-dist

[ 2015-09-03T18:05:48+08:00 ] 127.0.0.1 /sunyan2015/022/bootstrap-3.3.5-dist/js/bootstrap.min.js
INFO: [ app_init ] --START--
INFO: Run Behavior\BuildLiteBehavior [ RunTime:0.001000s ]
INFO: [ app_init ] --END-- [ RunTime:0.001000s ]
ERR: 无法加载模块:Bootstrap-3.3.5-dist

[ 2015-09-03T18:05:49+08:00 ] 127.0.0.1 /sunyan2015/022/bootstrap-3.3.5-dist/css/bootstrap.min.css
INFO: [ app_init ] --START--
INFO: Run Behavior\BuildLiteBehavior [ RunTime:0.000000s ]
INFO: [ app_init ] --END-- [ RunTime:0.001000s ]
ERR: 无法加载模块:Bootstrap-3.3.5-dist

