0 info it worked if it ends with ok
1 verbose cli [ '/home/sunyan/software/node/bin/node',
1 verbose cli   '/home/sunyan/software/node/bin/npm',
1 verbose cli   'install',
1 verbose cli   'body-parse' ]
2 info using npm@3.3.12
3 info using node@v5.5.0
4 silly loadCurrentTree Starting
5 silly install loadCurrentTree
6 silly install readLocalPackageData
7 silly fetchPackageMetaData body-parse
8 silly fetchNamedPackageData body-parse
9 silly mapToRegistry name body-parse
10 silly mapToRegistry using default registry
11 silly mapToRegistry registry https://registry.npmjs.org/
12 silly mapToRegistry uri https://registry.npmjs.org/body-parse
13 verbose request uri https://registry.npmjs.org/body-parse
14 verbose request no auth needed
15 info attempt registry request try #1 at 12:09:09 PM
16 verbose request id 73dad0b1621e9e3c
17 http request GET https://registry.npmjs.org/body-parse
18 http 404 https://registry.npmjs.org/body-parse
19 verbose headers { 'content-type': 'application/json',
19 verbose headers   'cache-control': 'max-age=0',
19 verbose headers   'content-length': '2',
19 verbose headers   'accept-ranges': 'bytes',
19 verbose headers   date: 'Tue, 16 Feb 2016 04:09:11 GMT',
19 verbose headers   via: '1.1 varnish',
19 verbose headers   age: '0',
19 verbose headers   connection: 'keep-alive',
19 verbose headers   'x-served-by': 'cache-lhr6330-LHR',
19 verbose headers   'x-cache': 'MISS',
19 verbose headers   'x-cache-hits': '0',
19 verbose headers   'x-timer': 'S1455595750.455440,VS0,VE619' }
20 silly get cb [ 404,
20 silly get   { 'content-type': 'application/json',
20 silly get     'cache-control': 'max-age=0',
20 silly get     'content-length': '2',
20 silly get     'accept-ranges': 'bytes',
20 silly get     date: 'Tue, 16 Feb 2016 04:09:11 GMT',
20 silly get     via: '1.1 varnish',
20 silly get     age: '0',
20 silly get     connection: 'keep-alive',
20 silly get     'x-served-by': 'cache-lhr6330-LHR',
20 silly get     'x-cache': 'MISS',
20 silly get     'x-cache-hits': '0',
20 silly get     'x-timer': 'S1455595750.455440,VS0,VE619' } ]
21 silly fetchPackageMetaData Error: Registry returned 404 for GET on https://registry.npmjs.org/body-parse
21 silly fetchPackageMetaData     at makeError (/home/sunyan/software/node/lib/node_modules/npm/node_modules/npm-registry-client/lib/request.js:264:12)
21 silly fetchPackageMetaData     at CachingRegistryClient.<anonymous> (/home/sunyan/software/node/lib/node_modules/npm/node_modules/npm-registry-client/lib/request.js:242:14)
21 silly fetchPackageMetaData     at Request._callback (/home/sunyan/software/node/lib/node_modules/npm/node_modules/npm-registry-client/lib/request.js:172:14)
21 silly fetchPackageMetaData     at Request.self.callback (/home/sunyan/software/node/lib/node_modules/npm/node_modules/request/request.js:198:22)
21 silly fetchPackageMetaData     at emitTwo (events.js:100:13)
21 silly fetchPackageMetaData     at Request.emit (events.js:185:7)
21 silly fetchPackageMetaData     at Request.<anonymous> (/home/sunyan/software/node/lib/node_modules/npm/node_modules/request/request.js:1082:10)
21 silly fetchPackageMetaData     at emitOne (events.js:95:20)
21 silly fetchPackageMetaData     at Request.emit (events.js:182:7)
21 silly fetchPackageMetaData     at IncomingMessage.<anonymous> (/home/sunyan/software/node/lib/node_modules/npm/node_modules/request/request.js:1009:12)
21 silly fetchPackageMetaData  error for body-parse { [Error: Registry returned 404 for GET on https://registry.npmjs.org/body-parse] pkgid: 'body-parse', statusCode: 404, code: 'E404' }
22 silly rollbackFailedOptional Starting
23 silly rollbackFailedOptional Finishing
24 silly runTopLevelLifecycles Starting
25 silly runTopLevelLifecycles Finishing
26 silly install printInstalled
27 verbose stack Error: Registry returned 404 for GET on https://registry.npmjs.org/body-parse
27 verbose stack     at makeError (/home/sunyan/software/node/lib/node_modules/npm/node_modules/npm-registry-client/lib/request.js:264:12)
27 verbose stack     at CachingRegistryClient.<anonymous> (/home/sunyan/software/node/lib/node_modules/npm/node_modules/npm-registry-client/lib/request.js:242:14)
27 verbose stack     at Request._callback (/home/sunyan/software/node/lib/node_modules/npm/node_modules/npm-registry-client/lib/request.js:172:14)
27 verbose stack     at Request.self.callback (/home/sunyan/software/node/lib/node_modules/npm/node_modules/request/request.js:198:22)
27 verbose stack     at emitTwo (events.js:100:13)
27 verbose stack     at Request.emit (events.js:185:7)
27 verbose stack     at Request.<anonymous> (/home/sunyan/software/node/lib/node_modules/npm/node_modules/request/request.js:1082:10)
27 verbose stack     at emitOne (events.js:95:20)
27 verbose stack     at Request.emit (events.js:182:7)
27 verbose stack     at IncomingMessage.<anonymous> (/home/sunyan/software/node/lib/node_modules/npm/node_modules/request/request.js:1009:12)
28 verbose statusCode 404
29 verbose pkgid body-parse
30 verbose cwd /home/sunyan/software
31 error Linux 3.16.0-38-generic
32 error argv "/home/sunyan/software/node/bin/node" "/home/sunyan/software/node/bin/npm" "install" "body-parse"
33 error node v5.5.0
34 error npm  v3.3.12
35 error code E404
36 error 404 Registry returned 404 for GET on https://registry.npmjs.org/body-parse
36 error 404
36 error 404 'body-parse' is not in the npm registry.
36 error 404 You should bug the author to publish it (or use the name yourself!)
36 error 404
36 error 404 Note that you can also install from a
36 error 404 tarball, folder, http url, or git url.
37 verbose exit [ 1, true ]
