[ 2015-06-21T21:10:39+08:00 ] 127.0.0.1 /sunyan2015/017/
INFO: [ app_init ] --START--
INFO: Run Behavior\BuildLiteBehavior [ RunTime:0.000019s ]
INFO: [ app_init ] --END-- [ RunTime:0.168617s ]
INFO: [ app_begin ] --START--
INFO: Run Behavior\ReadHtmlCacheBehavior [ RunTime:0.032209s ]
INFO: [ app_begin ] --END-- [ RunTime:0.032495s ]
INFO: [ view_parse ] --START--
INFO: [ template_filter ] --START--
INFO: Run Behavior\ContentReplaceBehavior [ RunTime:0.000067s ]
INFO: [ template_filter ] --END-- [ RunTime:0.000159s ]
NOTIC: [8] Undefined variable: title D:\Dev Apps\xampp\htdocs\sunyan2015\017\Application\Runtime\Cache\Home\2a94b8bda04ff446dcedd42276fc99ee.php 第 5 行.
NOTIC: [8] Undefined variable: alink3 D:\Dev Apps\xampp\htdocs\sunyan2015\017\Application\Runtime\Cache\Home\2a94b8bda04ff446dcedd42276fc99ee.php 第 14 行.
INFO: Run Behavior\ParseTemplateBehavior [ RunTime:0.130835s ]
INFO: [ view_parse ] --END-- [ RunTime:0.130923s ]
INFO: [ view_filter ] --START--
INFO: Run Behavior\WriteHtmlCacheBehavior [ RunTime:0.023547s ]
INFO: [ view_filter ] --END-- [ RunTime:0.023653s ]
INFO: [ app_end ] --START--
INFO: Run Behavior\ShowPageTraceBehavior [ RunTime:0.039127s ]
INFO: [ app_end ] --END-- [ RunTime:0.039548s ]

[ 2015-06-21T21:10:51+08:00 ] 127.0.0.1 /sunyan2015/017/Home/Index/login
INFO: [ app_init ] --START--
INFO: Run Behavior\BuildLiteBehavior [ RunTime:0.000048s ]
INFO: [ app_init ] --END-- [ RunTime:0.001451s ]
INFO: [ app_begin ] --START--
INFO: Run Behavior\ReadHtmlCacheBehavior [ RunTime:0.004878s ]
INFO: [ app_begin ] --END-- [ RunTime:0.004988s ]
SQL: SHOW COLUMNS FROM `usermessage` [ RunTime:0.0738s ]
INFO: [ view_parse ] --START--
INFO: [ template_filter ] --START--
INFO: Run Behavior\ContentReplaceBehavior [ RunTime:0.000034s ]
INFO: [ template_filter ] --END-- [ RunTime:0.000091s ]
NOTIC: [8] Undefined variable: error D:\Dev Apps\xampp\htdocs\sunyan2015\017\Application\Runtime\Cache\Home\ccea6a400660ce54d68cab67b9f68781.php 第 26 行.
NOTIC: [8] Undefined variable: logout D:\Dev Apps\xampp\htdocs\sunyan2015\017\Application\Runtime\Cache\Home\ccea6a400660ce54d68cab67b9f68781.php 第 27 行.
NOTIC: [8] Undefined variable: error1 D:\Dev Apps\xampp\htdocs\sunyan2015\017\Application\Runtime\Cache\Home\ccea6a400660ce54d68cab67b9f68781.php 第 28 行.
INFO: Run Behavior\ParseTemplateBehavior [ RunTime:0.026856s ]
INFO: [ view_parse ] --END-- [ RunTime:0.026926s ]
INFO: [ view_filter ] --START--
INFO: Run Behavior\WriteHtmlCacheBehavior [ RunTime:0.000503s ]
INFO: [ view_filter ] --END-- [ RunTime:0.000551s ]
INFO: [ app_end ] --START--
INFO: Run Behavior\ShowPageTraceBehavior [ RunTime:0.000959s ]
INFO: [ app_end ] --END-- [ RunTime:0.001027s ]

[ 2015-06-21T21:11:00+08:00 ] 127.0.0.1 /sunyan2015/017/Home/Index/index
INFO: [ app_init ] --START--
INFO: Run Behavior\BuildLiteBehavior [ RunTime:0.000017s ]
INFO: [ app_init ] --END-- [ RunTime:0.000780s ]
INFO: [ app_begin ] --START--
INFO: Run Behavior\ReadHtmlCacheBehavior [ RunTime:0.001886s ]
INFO: [ app_begin ] --END-- [ RunTime:0.002071s ]
INFO: [ view_parse ] --START--
INFO: [ template_filter ] --START--
INFO: Run Behavior\ContentReplaceBehavior [ RunTime:0.000030s ]
INFO: [ template_filter ] --END-- [ RunTime:0.000084s ]
NOTIC: [8] Undefined variable: title D:\Dev Apps\xampp\htdocs\sunyan2015\017\Application\Runtime\Cache\Home\2a94b8bda04ff446dcedd42276fc99ee.php 第 5 行.
NOTIC: [8] Undefined variable: alink3 D:\Dev Apps\xampp\htdocs\sunyan2015\017\Application\Runtime\Cache\Home\2a94b8bda04ff446dcedd42276fc99ee.php 第 14 行.
INFO: Run Behavior\ParseTemplateBehavior [ RunTime:0.007743s ]
INFO: [ view_parse ] --END-- [ RunTime:0.007786s ]
INFO: [ view_filter ] --START--
INFO: Run Behavior\WriteHtmlCacheBehavior [ RunTime:0.000513s ]
INFO: [ view_filter ] --END-- [ RunTime:0.000559s ]
INFO: [ app_end ] --START--
INFO: Run Behavior\ShowPageTraceBehavior [ RunTime:0.000806s ]
INFO: [ app_end ] --END-- [ RunTime:0.000843s ]

[ 2015-06-21T21:11:10+08:00 ] 127.0.0.1 /sunyan2015/017/Home/Index/Home/Index/login
INFO: [ app_init ] --START--
INFO: Run Behavior\BuildLiteBehavior [ RunTime:0.000025s ]
INFO: [ app_init ] --END-- [ RunTime:0.001039s ]
INFO: [ app_begin ] --START--
INFO: Run Behavior\ReadHtmlCacheBehavior [ RunTime:0.001388s ]
INFO: [ app_begin ] --END-- [ RunTime:0.001489s ]
ERR: 非法操作:Home

