[ 2015-07-22T08:37:41+08:00 ] 127.0.0.1 /sunyan2015/017/
INFO: [ app_init ] --START--
INFO: Run Behavior\BuildLiteBehavior [ RunTime:0.000019s ]
INFO: [ app_init ] --END-- [ RunTime:0.055147s ]
INFO: [ app_begin ] --START--
INFO: Run Behavior\ReadHtmlCacheBehavior [ RunTime:0.013507s ]
INFO: [ app_begin ] --END-- [ RunTime:0.013610s ]
INFO: [ view_parse ] --START--
INFO: [ template_filter ] --START--
INFO: Run Behavior\ContentReplaceBehavior [ RunTime:0.000041s ]
INFO: [ template_filter ] --END-- [ RunTime:0.000112s ]
NOTIC: [8] Undefined variable: title D:\Dev Apps\xampp\htdocs\sunyan2015\017\Application\Runtime\Cache\Home\2a94b8bda04ff446dcedd42276fc99ee.php 第 5 行.
NOTIC: [8] Undefined variable: link3 D:\Dev Apps\xampp\htdocs\sunyan2015\017\Application\Runtime\Cache\Home\2a94b8bda04ff446dcedd42276fc99ee.php 第 16 行.
INFO: Run Behavior\ParseTemplateBehavior [ RunTime:0.130201s ]
INFO: [ view_parse ] --END-- [ RunTime:0.130286s ]
INFO: [ view_filter ] --START--
INFO: Run Behavior\WriteHtmlCacheBehavior [ RunTime:0.039405s ]
INFO: [ view_filter ] --END-- [ RunTime:0.039465s ]
INFO: [ app_end ] --START--
INFO: Run Behavior\ShowPageTraceBehavior [ RunTime:0.005115s ]
INFO: [ app_end ] --END-- [ RunTime:0.005167s ]

[ 2015-07-22T09:59:18+08:00 ] 127.0.0.1 /sunyan2015/017/
INFO: [ app_init ] --START--
INFO: Run Behavior\BuildLiteBehavior [ RunTime:0.000035s ]
INFO: [ app_init ] --END-- [ RunTime:0.087419s ]
INFO: [ app_begin ] --START--
INFO: Run Behavior\ReadHtmlCacheBehavior [ RunTime:0.031091s ]
INFO: [ app_begin ] --END-- [ RunTime:0.031226s ]
INFO: [ view_parse ] --START--
INFO: [ template_filter ] --START--
INFO: Run Behavior\ContentReplaceBehavior [ RunTime:0.000090s ]
INFO: [ template_filter ] --END-- [ RunTime:0.000236s ]
NOTIC: [8] Undefined variable: title D:\Dev Apps\xampp\htdocs\sunyan2015\017\Application\Runtime\Cache\Home\2a94b8bda04ff446dcedd42276fc99ee.php 第 5 行.
NOTIC: [8] Undefined variable: link3 D:\Dev Apps\xampp\htdocs\sunyan2015\017\Application\Runtime\Cache\Home\2a94b8bda04ff446dcedd42276fc99ee.php 第 16 行.
INFO: Run Behavior\ParseTemplateBehavior [ RunTime:0.101971s ]
INFO: [ view_parse ] --END-- [ RunTime:0.102084s ]
INFO: [ view_filter ] --START--
INFO: Run Behavior\WriteHtmlCacheBehavior [ RunTime:0.022950s ]
INFO: [ view_filter ] --END-- [ RunTime:0.023091s ]
INFO: [ app_end ] --START--
INFO: Run Behavior\ShowPageTraceBehavior [ RunTime:0.007909s ]
INFO: [ app_end ] --END-- [ RunTime:0.008045s ]

