[ 2015-08-20T18:01:51+08:00 ] 127.0.0.1 /sunyan2015/017/
INFO: [ app_init ] --START--
INFO: Run Behavior\BuildLiteBehavior [ RunTime:0.000049s ]
INFO: [ app_init ] --END-- [ RunTime:0.012732s ]
INFO: [ app_begin ] --START--
INFO: Run Behavior\ReadHtmlCacheBehavior [ RunTime:0.015091s ]
INFO: [ app_begin ] --END-- [ RunTime:0.015428s ]
INFO: [ view_parse ] --START--
INFO: [ template_filter ] --START--
INFO: Run Behavior\ContentReplaceBehavior [ RunTime:0.000102s ]
INFO: [ template_filter ] --END-- [ RunTime:0.000271s ]
NOTIC: [8] Undefined variable: title D:\Dev Apps\xampp\htdocs\sunyan2015\017\Application\Runtime\Cache\Home\2a94b8bda04ff446dcedd42276fc99ee.php 第 5 行.
NOTIC: [8] Undefined variable: link3 D:\Dev Apps\xampp\htdocs\sunyan2015\017\Application\Runtime\Cache\Home\2a94b8bda04ff446dcedd42276fc99ee.php 第 16 行.
INFO: Run Behavior\ParseTemplateBehavior [ RunTime:0.100576s ]
INFO: [ view_parse ] --END-- [ RunTime:0.100851s ]
INFO: [ view_filter ] --START--
INFO: Run Behavior\WriteHtmlCacheBehavior [ RunTime:0.015795s ]
INFO: [ view_filter ] --END-- [ RunTime:0.016016s ]
INFO: [ app_end ] --START--
INFO: Run Behavior\ShowPageTraceBehavior [ RunTime:0.005701s ]
INFO: [ app_end ] --END-- [ RunTime:0.005873s ]

