[ 2015-06-12T08:50:33+08:00 ] 127.0.0.1 /sunyan2015/017/
INFO: [ app_init ] --START--
INFO: Run Behavior\BuildLiteBehavior [ RunTime:0.000022s ]
INFO: [ app_init ] --END-- [ RunTime:0.020710s ]
INFO: [ app_begin ] --START--
INFO: Run Behavior\ReadHtmlCacheBehavior [ RunTime:0.002423s ]
INFO: [ app_begin ] --END-- [ RunTime:0.002532s ]
INFO: [ view_parse ] --START--
INFO: [ template_filter ] --START--
INFO: Run Behavior\ContentReplaceBehavior [ RunTime:0.000054s ]
INFO: [ template_filter ] --END-- [ RunTime:0.000177s ]
INFO: Run Behavior\ParseTemplateBehavior [ RunTime:0.014350s ]
INFO: [ view_parse ] --END-- [ RunTime:0.014441s ]
INFO: [ view_filter ] --START--
INFO: Run Behavior\WriteHtmlCacheBehavior [ RunTime:0.001275s ]
INFO: [ view_filter ] --END-- [ RunTime:0.001344s ]
INFO: [ app_end ] --START--
INFO: Run Behavior\ShowPageTraceBehavior [ RunTime:0.001550s ]
INFO: [ app_end ] --END-- [ RunTime:0.001613s ]

[ 2015-06-12T10:48:29+08:00 ] 127.0.0.1 /sunyan2015/017/
INFO: [ app_init ] --START--
INFO: Run Behavior\BuildLiteBehavior [ RunTime:0.000015s ]
INFO: [ app_init ] --END-- [ RunTime:0.000730s ]

[ 2015-06-12T10:48:48+08:00 ] 127.0.0.1 /sunyan2015/017/index.php
INFO: [ app_init ] --START--
INFO: Run Behavior\BuildLiteBehavior [ RunTime:0.000018s ]
INFO: [ app_init ] --END-- [ RunTime:0.000749s ]

[ 2015-06-12T10:49:22+08:00 ] 127.0.0.1 /sunyan2015/017/index.php
INFO: [ app_init ] --START--
INFO: Run Behavior\BuildLiteBehavior [ RunTime:0.000020s ]
INFO: [ app_init ] --END-- [ RunTime:0.001034s ]

[ 2015-06-12T10:50:32+08:00 ] 127.0.0.1 /sunyan2015/017/index.php
INFO: [ app_init ] --START--
INFO: Run Behavior\BuildLiteBehavior [ RunTime:0.000014s ]
INFO: [ app_init ] --END-- [ RunTime:0.000814s ]
INFO: [ app_begin ] --START--
INFO: Run Behavior\ReadHtmlCacheBehavior [ RunTime:0.001211s ]
INFO: [ app_begin ] --END-- [ RunTime:0.001342s ]
ERR: SQLSTATE[42S02]: Base table or view not found: 1146 Table 'todolist.to_do_list' doesn't exist

[ 2015-06-12T10:52:25+08:00 ] 127.0.0.1 /sunyan2015/017/index.php
INFO: [ app_init ] --START--
INFO: Run Behavior\BuildLiteBehavior [ RunTime:0.000020s ]
INFO: [ app_init ] --END-- [ RunTime:0.001394s ]
INFO: [ app_begin ] --START--
INFO: Run Behavior\ReadHtmlCacheBehavior [ RunTime:0.001027s ]
INFO: [ app_begin ] --END-- [ RunTime:0.001129s ]
ERR: SQLSTATE[42S02]: Base table or view not found: 1146 Table 'todolist.todolist' doesn't exist

[ 2015-06-12T10:57:51+08:00 ] 127.0.0.1 /sunyan2015/017/index.php
INFO: [ app_init ] --START--
INFO: Run Behavior\BuildLiteBehavior [ RunTime:0.000018s ]
INFO: [ app_init ] --END-- [ RunTime:0.000890s ]
INFO: [ app_begin ] --START--
INFO: Run Behavior\ReadHtmlCacheBehavior [ RunTime:0.001186s ]
INFO: [ app_begin ] --END-- [ RunTime:0.001274s ]
ERR: SQLSTATE[42S02]: Base table or view not found: 1146 Table 'todolist.todolist' doesn't exist

[ 2015-06-12T10:57:57+08:00 ] 127.0.0.1 /sunyan2015/017/index.php
INFO: [ app_init ] --START--
INFO: Run Behavior\BuildLiteBehavior [ RunTime:0.000019s ]
INFO: [ app_init ] --END-- [ RunTime:0.001286s ]
INFO: [ app_begin ] --START--
INFO: Run Behavior\ReadHtmlCacheBehavior [ RunTime:0.001350s ]
INFO: [ app_begin ] --END-- [ RunTime:0.001510s ]
ERR: SQLSTATE[42S02]: Base table or view not found: 1146 Table 'todolist.todolist' doesn't exist

[ 2015-06-12T10:58:39+08:00 ] 127.0.0.1 /sunyan2015/017/index.php
INFO: [ app_init ] --START--
INFO: Run Behavior\BuildLiteBehavior [ RunTime:0.000015s ]
INFO: [ app_init ] --END-- [ RunTime:0.000835s ]
INFO: [ app_begin ] --START--
INFO: Run Behavior\ReadHtmlCacheBehavior [ RunTime:0.001522s ]
INFO: [ app_begin ] --END-- [ RunTime:0.001685s ]
ERR: SQLSTATE[42S02]: Base table or view not found: 1146 Table 'todolist.to_do_list' doesn't exist

[ 2015-06-12T10:59:19+08:00 ] 127.0.0.1 /sunyan2015/017/index.php
INFO: [ app_init ] --START--
INFO: Run Behavior\BuildLiteBehavior [ RunTime:0.000015s ]
INFO: [ app_init ] --END-- [ RunTime:0.000774s ]
INFO: [ app_begin ] --START--
INFO: Run Behavior\ReadHtmlCacheBehavior [ RunTime:0.000832s ]
INFO: [ app_begin ] --END-- [ RunTime:0.000910s ]
ERR: SQLSTATE[42S02]: Base table or view not found: 1146 Table 'todolist.to_do_list' doesn't exist

[ 2015-06-12T11:00:56+08:00 ] 127.0.0.1 /sunyan2015/017/index.php
INFO: [ app_init ] --START--
INFO: Run Behavior\BuildLiteBehavior [ RunTime:0.000014s ]
INFO: [ app_init ] --END-- [ RunTime:0.000732s ]
INFO: [ app_begin ] --START--
INFO: Run Behavior\ReadHtmlCacheBehavior [ RunTime:0.001346s ]
INFO: [ app_begin ] --END-- [ RunTime:0.001472s ]
ERR: SQLSTATE[42S02]: Base table or view not found: 1146 Table 'todolist.to_do_list' doesn't exist

[ 2015-06-12T11:02:06+08:00 ] 127.0.0.1 /sunyan2015/017/
INFO: [ app_init ] --START--
INFO: Run Behavior\BuildLiteBehavior [ RunTime:0.000020s ]
INFO: [ app_init ] --END-- [ RunTime:0.001097s ]
INFO: [ app_begin ] --START--
INFO: Run Behavior\ReadHtmlCacheBehavior [ RunTime:0.000911s ]
INFO: [ app_begin ] --END-- [ RunTime:0.000974s ]
ERR: SQLSTATE[42S02]: Base table or view not found: 1146 Table 'todolist.to_do_list' doesn't exist

[ 2015-06-12T11:02:34+08:00 ] 127.0.0.1 /sunyan2015/017/
INFO: [ app_init ] --START--
INFO: Run Behavior\BuildLiteBehavior [ RunTime:0.000016s ]
INFO: [ app_init ] --END-- [ RunTime:0.000780s ]
INFO: [ app_begin ] --START--
INFO: Run Behavior\ReadHtmlCacheBehavior [ RunTime:0.000927s ]
INFO: [ app_begin ] --END-- [ RunTime:0.000981s ]
ERR: SQLSTATE[42S02]: Base table or view not found: 1146 Table 'todolist.to_do_list' doesn't exist

[ 2015-06-12T11:03:31+08:00 ] 127.0.0.1 /sunyan2015/017/
INFO: [ app_init ] --START--
INFO: Run Behavior\BuildLiteBehavior [ RunTime:0.000015s ]
INFO: [ app_init ] --END-- [ RunTime:0.000708s ]
INFO: [ app_begin ] --START--
INFO: Run Behavior\ReadHtmlCacheBehavior [ RunTime:0.001074s ]
INFO: [ app_begin ] --END-- [ RunTime:0.001121s ]
ERR: SQLSTATE[42S02]: Base table or view not found: 1146 Table 'todolist.todolist' doesn't exist

[ 2015-06-12T11:06:59+08:00 ] 127.0.0.1 /sunyan2015/017/
INFO: [ app_init ] --START--
INFO: Run Behavior\BuildLiteBehavior [ RunTime:0.000017s ]
INFO: [ app_init ] --END-- [ RunTime:0.000907s ]
INFO: [ app_begin ] --START--
INFO: Run Behavior\ReadHtmlCacheBehavior [ RunTime:0.001340s ]
INFO: [ app_begin ] --END-- [ RunTime:0.001442s ]
ERR: SQLSTATE[42S02]: Base table or view not found: 1146 Table 'todolist.todolist' doesn't exist

[ 2015-06-12T11:10:58+08:00 ] 127.0.0.1 /sunyan2015/017/
INFO: [ app_init ] --START--
INFO: Run Behavior\BuildLiteBehavior [ RunTime:0.000045s ]
INFO: [ app_init ] --END-- [ RunTime:0.001205s ]
INFO: [ app_begin ] --START--
INFO: Run Behavior\ReadHtmlCacheBehavior [ RunTime:0.001229s ]
INFO: [ app_begin ] --END-- [ RunTime:0.001295s ]
ERR: SQLSTATE[42S02]: Base table or view not found: 1146 Table 'todolist.todolist' doesn't exist

