2016-04-26 08:20:54,070 INFO org.apache.hadoop.hdfs.server.namenode.NameNode: STARTUP_MSG: 
/************************************************************
STARTUP_MSG: Starting NameNode
STARTUP_MSG:   host = myhost/127.0.1.1
STARTUP_MSG:   args = []
STARTUP_MSG:   version = 1.2.1
STARTUP_MSG:   build = https://svn.apache.org/repos/asf/hadoop/common/branches/branch-1.2 -r 1503152; compiled by 'mattf' on Mon Jul 22 15:23:09 PDT 2013
STARTUP_MSG:   java = 1.8.0_73
************************************************************/
2016-04-26 08:20:54,312 INFO org.apache.hadoop.metrics2.impl.MetricsConfig: loaded properties from hadoop-metrics2.properties
2016-04-26 08:20:54,341 INFO org.apache.hadoop.metrics2.impl.MetricsSourceAdapter: MBean for source MetricsSystem,sub=Stats registered.
2016-04-26 08:20:54,344 INFO org.apache.hadoop.metrics2.impl.MetricsSystemImpl: Scheduled snapshot period at 10 second(s).
2016-04-26 08:20:54,344 INFO org.apache.hadoop.metrics2.impl.MetricsSystemImpl: NameNode metrics system started
2016-04-26 08:20:54,473 INFO org.apache.hadoop.metrics2.impl.MetricsSourceAdapter: MBean for source ugi registered.
2016-04-26 08:20:54,476 WARN org.apache.hadoop.metrics2.impl.MetricsSystemImpl: Source name ugi already exists!
2016-04-26 08:20:54,482 INFO org.apache.hadoop.metrics2.impl.MetricsSourceAdapter: MBean for source jvm registered.
2016-04-26 08:20:54,483 INFO org.apache.hadoop.metrics2.impl.MetricsSourceAdapter: MBean for source NameNode registered.
2016-04-26 08:20:54,526 INFO org.apache.hadoop.hdfs.util.GSet: Computing capacity for map BlocksMap
2016-04-26 08:20:54,526 INFO org.apache.hadoop.hdfs.util.GSet: VM type       = 64-bit
2016-04-26 08:20:54,526 INFO org.apache.hadoop.hdfs.util.GSet: 2.0% max memory = 932184064
2016-04-26 08:20:54,526 INFO org.apache.hadoop.hdfs.util.GSet: capacity      = 2^21 = 2097152 entries
2016-04-26 08:20:54,526 INFO org.apache.hadoop.hdfs.util.GSet: recommended=2097152, actual=2097152
2016-04-26 08:20:54,543 INFO org.apache.hadoop.hdfs.server.namenode.FSNamesystem: fsOwner=sunyan
2016-04-26 08:20:54,543 INFO org.apache.hadoop.hdfs.server.namenode.FSNamesystem: supergroup=supergroup
2016-04-26 08:20:54,543 INFO org.apache.hadoop.hdfs.server.namenode.FSNamesystem: isPermissionEnabled=true
2016-04-26 08:20:54,572 INFO org.apache.hadoop.hdfs.server.namenode.FSNamesystem: dfs.block.invalidate.limit=100
2016-04-26 08:20:54,572 INFO org.apache.hadoop.hdfs.server.namenode.FSNamesystem: isAccessTokenEnabled=false accessKeyUpdateInterval=0 min(s), accessTokenLifetime=0 min(s)
2016-04-26 08:20:55,359 INFO org.apache.hadoop.hdfs.server.namenode.FSNamesystem: Registered FSNamesystemStateMBean and NameNodeMXBean
2016-04-26 08:20:55,393 INFO org.apache.hadoop.hdfs.server.namenode.FSEditLog: dfs.namenode.edits.toleration.length = 0
2016-04-26 08:20:55,393 INFO org.apache.hadoop.hdfs.server.namenode.NameNode: Caching file names occuring more than 10 times 
2016-04-26 08:20:55,398 INFO org.apache.hadoop.hdfs.server.common.Storage: Storage directory /tmp/hadoop-sunyan/dfs/name does not exist
2016-04-26 08:20:55,400 ERROR org.apache.hadoop.hdfs.server.namenode.FSNamesystem: FSNamesystem initialization failed.
org.apache.hadoop.hdfs.server.common.InconsistentFSStateException: Directory /tmp/hadoop-sunyan/dfs/name is in an inconsistent state: storage directory does not exist or is not accessible.
	at org.apache.hadoop.hdfs.server.namenode.FSImage.recoverTransitionRead(FSImage.java:304)
	at org.apache.hadoop.hdfs.server.namenode.FSDirectory.loadFSImage(FSDirectory.java:104)
	at org.apache.hadoop.hdfs.server.namenode.FSNamesystem.initialize(FSNamesystem.java:427)
	at org.apache.hadoop.hdfs.server.namenode.FSNamesystem.<init>(FSNamesystem.java:395)
	at org.apache.hadoop.hdfs.server.namenode.NameNode.initialize(NameNode.java:299)
	at org.apache.hadoop.hdfs.server.namenode.NameNode.<init>(NameNode.java:569)
	at org.apache.hadoop.hdfs.server.namenode.NameNode.createNameNode(NameNode.java:1479)
	at org.apache.hadoop.hdfs.server.namenode.NameNode.main(NameNode.java:1488)
2016-04-26 08:20:55,423 ERROR org.apache.hadoop.hdfs.server.namenode.NameNode: org.apache.hadoop.hdfs.server.common.InconsistentFSStateException: Directory /tmp/hadoop-sunyan/dfs/name is in an inconsistent state: storage directory does not exist or is not accessible.
	at org.apache.hadoop.hdfs.server.namenode.FSImage.recoverTransitionRead(FSImage.java:304)
	at org.apache.hadoop.hdfs.server.namenode.FSDirectory.loadFSImage(FSDirectory.java:104)
	at org.apache.hadoop.hdfs.server.namenode.FSNamesystem.initialize(FSNamesystem.java:427)
	at org.apache.hadoop.hdfs.server.namenode.FSNamesystem.<init>(FSNamesystem.java:395)
	at org.apache.hadoop.hdfs.server.namenode.NameNode.initialize(NameNode.java:299)
	at org.apache.hadoop.hdfs.server.namenode.NameNode.<init>(NameNode.java:569)
	at org.apache.hadoop.hdfs.server.namenode.NameNode.createNameNode(NameNode.java:1479)
	at org.apache.hadoop.hdfs.server.namenode.NameNode.main(NameNode.java:1488)

2016-04-26 08:20:55,424 INFO org.apache.hadoop.hdfs.server.namenode.NameNode: SHUTDOWN_MSG: 
/************************************************************
SHUTDOWN_MSG: Shutting down NameNode at myhost/127.0.1.1
************************************************************/
2016-04-26 08:29:26,402 INFO org.apache.hadoop.hdfs.server.namenode.NameNode: STARTUP_MSG: 
/************************************************************
STARTUP_MSG: Starting NameNode
STARTUP_MSG:   host = myhost/127.0.1.1
STARTUP_MSG:   args = []
STARTUP_MSG:   version = 1.2.1
STARTUP_MSG:   build = https://svn.apache.org/repos/asf/hadoop/common/branches/branch-1.2 -r 1503152; compiled by 'mattf' on Mon Jul 22 15:23:09 PDT 2013
STARTUP_MSG:   java = 1.8.0_73
************************************************************/
2016-04-26 08:29:26,540 INFO org.apache.hadoop.metrics2.impl.MetricsConfig: loaded properties from hadoop-metrics2.properties
2016-04-26 08:29:26,547 INFO org.apache.hadoop.metrics2.impl.MetricsSourceAdapter: MBean for source MetricsSystem,sub=Stats registered.
2016-04-26 08:29:26,548 INFO org.apache.hadoop.metrics2.impl.MetricsSystemImpl: Scheduled snapshot period at 10 second(s).
2016-04-26 08:29:26,548 INFO org.apache.hadoop.metrics2.impl.MetricsSystemImpl: NameNode metrics system started
2016-04-26 08:29:26,679 INFO org.apache.hadoop.metrics2.impl.MetricsSourceAdapter: MBean for source ugi registered.
2016-04-26 08:29:26,682 WARN org.apache.hadoop.metrics2.impl.MetricsSystemImpl: Source name ugi already exists!
2016-04-26 08:29:26,688 INFO org.apache.hadoop.metrics2.impl.MetricsSourceAdapter: MBean for source jvm registered.
2016-04-26 08:29:26,689 INFO org.apache.hadoop.metrics2.impl.MetricsSourceAdapter: MBean for source NameNode registered.
2016-04-26 08:29:26,712 INFO org.apache.hadoop.hdfs.util.GSet: Computing capacity for map BlocksMap
2016-04-26 08:29:26,712 INFO org.apache.hadoop.hdfs.util.GSet: VM type       = 64-bit
2016-04-26 08:29:26,712 INFO org.apache.hadoop.hdfs.util.GSet: 2.0% max memory = 932184064
2016-04-26 08:29:26,712 INFO org.apache.hadoop.hdfs.util.GSet: capacity      = 2^21 = 2097152 entries
2016-04-26 08:29:26,712 INFO org.apache.hadoop.hdfs.util.GSet: recommended=2097152, actual=2097152
2016-04-26 08:29:26,728 INFO org.apache.hadoop.hdfs.server.namenode.FSNamesystem: fsOwner=sunyan
2016-04-26 08:29:26,728 INFO org.apache.hadoop.hdfs.server.namenode.FSNamesystem: supergroup=supergroup
2016-04-26 08:29:26,729 INFO org.apache.hadoop.hdfs.server.namenode.FSNamesystem: isPermissionEnabled=true
2016-04-26 08:29:26,736 INFO org.apache.hadoop.hdfs.server.namenode.FSNamesystem: dfs.block.invalidate.limit=100
2016-04-26 08:29:26,736 INFO org.apache.hadoop.hdfs.server.namenode.FSNamesystem: isAccessTokenEnabled=false accessKeyUpdateInterval=0 min(s), accessTokenLifetime=0 min(s)
2016-04-26 08:29:26,997 INFO org.apache.hadoop.hdfs.server.namenode.FSNamesystem: Registered FSNamesystemStateMBean and NameNodeMXBean
2016-04-26 08:29:27,022 INFO org.apache.hadoop.hdfs.server.namenode.FSEditLog: dfs.namenode.edits.toleration.length = 0
2016-04-26 08:29:27,022 INFO org.apache.hadoop.hdfs.server.namenode.NameNode: Caching file names occuring more than 10 times 
2016-04-26 08:29:27,067 ERROR org.apache.hadoop.hdfs.server.namenode.FSNamesystem: FSNamesystem initialization failed.
java.io.IOException: NameNode is not formatted.
	at org.apache.hadoop.hdfs.server.namenode.FSImage.recoverTransitionRead(FSImage.java:331)
	at org.apache.hadoop.hdfs.server.namenode.FSDirectory.loadFSImage(FSDirectory.java:104)
	at org.apache.hadoop.hdfs.server.namenode.FSNamesystem.initialize(FSNamesystem.java:427)
	at org.apache.hadoop.hdfs.server.namenode.FSNamesystem.<init>(FSNamesystem.java:395)
	at org.apache.hadoop.hdfs.server.namenode.NameNode.initialize(NameNode.java:299)
	at org.apache.hadoop.hdfs.server.namenode.NameNode.<init>(NameNode.java:569)
	at org.apache.hadoop.hdfs.server.namenode.NameNode.createNameNode(NameNode.java:1479)
	at org.apache.hadoop.hdfs.server.namenode.NameNode.main(NameNode.java:1488)
2016-04-26 08:29:27,080 ERROR org.apache.hadoop.hdfs.server.namenode.NameNode: java.io.IOException: NameNode is not formatted.
	at org.apache.hadoop.hdfs.server.namenode.FSImage.recoverTransitionRead(FSImage.java:331)
	at org.apache.hadoop.hdfs.server.namenode.FSDirectory.loadFSImage(FSDirectory.java:104)
	at org.apache.hadoop.hdfs.server.namenode.FSNamesystem.initialize(FSNamesystem.java:427)
	at org.apache.hadoop.hdfs.server.namenode.FSNamesystem.<init>(FSNamesystem.java:395)
	at org.apache.hadoop.hdfs.server.namenode.NameNode.initialize(NameNode.java:299)
	at org.apache.hadoop.hdfs.server.namenode.NameNode.<init>(NameNode.java:569)
	at org.apache.hadoop.hdfs.server.namenode.NameNode.createNameNode(NameNode.java:1479)
	at org.apache.hadoop.hdfs.server.namenode.NameNode.main(NameNode.java:1488)

2016-04-26 08:29:27,081 INFO org.apache.hadoop.hdfs.server.namenode.NameNode: SHUTDOWN_MSG: 
/************************************************************
SHUTDOWN_MSG: Shutting down NameNode at myhost/127.0.1.1
************************************************************/
2016-04-26 08:50:44,868 INFO org.apache.hadoop.hdfs.server.namenode.NameNode: STARTUP_MSG: 
/************************************************************
STARTUP_MSG: Starting NameNode
STARTUP_MSG:   host = myhost/127.0.1.1
STARTUP_MSG:   args = []
STARTUP_MSG:   version = 1.2.1
STARTUP_MSG:   build = https://svn.apache.org/repos/asf/hadoop/common/branches/branch-1.2 -r 1503152; compiled by 'mattf' on Mon Jul 22 15:23:09 PDT 2013
STARTUP_MSG:   java = 1.8.0_73
************************************************************/
2016-04-26 08:50:45,541 INFO org.apache.hadoop.metrics2.impl.MetricsConfig: loaded properties from hadoop-metrics2.properties
2016-04-26 08:50:45,574 INFO org.apache.hadoop.metrics2.impl.MetricsSourceAdapter: MBean for source MetricsSystem,sub=Stats registered.
2016-04-26 08:50:45,576 INFO org.apache.hadoop.metrics2.impl.MetricsSystemImpl: Scheduled snapshot period at 10 second(s).
2016-04-26 08:50:45,576 INFO org.apache.hadoop.metrics2.impl.MetricsSystemImpl: NameNode metrics system started
2016-04-26 08:50:45,897 INFO org.apache.hadoop.metrics2.impl.MetricsSourceAdapter: MBean for source ugi registered.
2016-04-26 08:50:45,907 WARN org.apache.hadoop.metrics2.impl.MetricsSystemImpl: Source name ugi already exists!
2016-04-26 08:50:45,937 INFO org.apache.hadoop.metrics2.impl.MetricsSourceAdapter: MBean for source jvm registered.
2016-04-26 08:50:45,938 INFO org.apache.hadoop.metrics2.impl.MetricsSourceAdapter: MBean for source NameNode registered.
2016-04-26 08:50:46,013 INFO org.apache.hadoop.hdfs.util.GSet: Computing capacity for map BlocksMap
2016-04-26 08:50:46,013 INFO org.apache.hadoop.hdfs.util.GSet: VM type       = 64-bit
2016-04-26 08:50:46,013 INFO org.apache.hadoop.hdfs.util.GSet: 2.0% max memory = 932184064
2016-04-26 08:50:46,013 INFO org.apache.hadoop.hdfs.util.GSet: capacity      = 2^21 = 2097152 entries
2016-04-26 08:50:46,013 INFO org.apache.hadoop.hdfs.util.GSet: recommended=2097152, actual=2097152
2016-04-26 08:50:46,115 INFO org.apache.hadoop.hdfs.server.namenode.FSNamesystem: fsOwner=sunyan
2016-04-26 08:50:46,115 INFO org.apache.hadoop.hdfs.server.namenode.FSNamesystem: supergroup=supergroup
2016-04-26 08:50:46,115 INFO org.apache.hadoop.hdfs.server.namenode.FSNamesystem: isPermissionEnabled=true
2016-04-26 08:50:46,136 INFO org.apache.hadoop.hdfs.server.namenode.FSNamesystem: dfs.block.invalidate.limit=100
2016-04-26 08:50:46,136 INFO org.apache.hadoop.hdfs.server.namenode.FSNamesystem: isAccessTokenEnabled=false accessKeyUpdateInterval=0 min(s), accessTokenLifetime=0 min(s)
2016-04-26 08:50:47,136 INFO org.apache.hadoop.hdfs.server.namenode.FSNamesystem: Registered FSNamesystemStateMBean and NameNodeMXBean
2016-04-26 08:50:47,185 INFO org.apache.hadoop.hdfs.server.namenode.FSEditLog: dfs.namenode.edits.toleration.length = 0
2016-04-26 08:50:47,186 INFO org.apache.hadoop.hdfs.server.namenode.NameNode: Caching file names occuring more than 10 times 
2016-04-26 08:50:47,200 INFO org.apache.hadoop.hdfs.server.common.Storage: Storage directory /tmp/hadoop-sunyan/dfs/name does not exist
2016-04-26 08:50:47,205 ERROR org.apache.hadoop.hdfs.server.namenode.FSNamesystem: FSNamesystem initialization failed.
org.apache.hadoop.hdfs.server.common.InconsistentFSStateException: Directory /tmp/hadoop-sunyan/dfs/name is in an inconsistent state: storage directory does not exist or is not accessible.
	at org.apache.hadoop.hdfs.server.namenode.FSImage.recoverTransitionRead(FSImage.java:304)
	at org.apache.hadoop.hdfs.server.namenode.FSDirectory.loadFSImage(FSDirectory.java:104)
	at org.apache.hadoop.hdfs.server.namenode.FSNamesystem.initialize(FSNamesystem.java:427)
	at org.apache.hadoop.hdfs.server.namenode.FSNamesystem.<init>(FSNamesystem.java:395)
	at org.apache.hadoop.hdfs.server.namenode.NameNode.initialize(NameNode.java:299)
	at org.apache.hadoop.hdfs.server.namenode.NameNode.<init>(NameNode.java:569)
	at org.apache.hadoop.hdfs.server.namenode.NameNode.createNameNode(NameNode.java:1479)
	at org.apache.hadoop.hdfs.server.namenode.NameNode.main(NameNode.java:1488)
2016-04-26 08:50:47,234 ERROR org.apache.hadoop.hdfs.server.namenode.NameNode: org.apache.hadoop.hdfs.server.common.InconsistentFSStateException: Directory /tmp/hadoop-sunyan/dfs/name is in an inconsistent state: storage directory does not exist or is not accessible.
	at org.apache.hadoop.hdfs.server.namenode.FSImage.recoverTransitionRead(FSImage.java:304)
	at org.apache.hadoop.hdfs.server.namenode.FSDirectory.loadFSImage(FSDirectory.java:104)
	at org.apache.hadoop.hdfs.server.namenode.FSNamesystem.initialize(FSNamesystem.java:427)
	at org.apache.hadoop.hdfs.server.namenode.FSNamesystem.<init>(FSNamesystem.java:395)
	at org.apache.hadoop.hdfs.server.namenode.NameNode.initialize(NameNode.java:299)
	at org.apache.hadoop.hdfs.server.namenode.NameNode.<init>(NameNode.java:569)
	at org.apache.hadoop.hdfs.server.namenode.NameNode.createNameNode(NameNode.java:1479)
	at org.apache.hadoop.hdfs.server.namenode.NameNode.main(NameNode.java:1488)

2016-04-26 08:50:47,235 INFO org.apache.hadoop.hdfs.server.namenode.NameNode: SHUTDOWN_MSG: 
/************************************************************
SHUTDOWN_MSG: Shutting down NameNode at myhost/127.0.1.1
************************************************************/
2016-04-26 08:52:02,556 INFO org.apache.hadoop.hdfs.server.namenode.NameNode: STARTUP_MSG: 
/************************************************************
STARTUP_MSG: Starting NameNode
STARTUP_MSG:   host = myhost/127.0.1.1
STARTUP_MSG:   args = []
STARTUP_MSG:   version = 1.2.1
STARTUP_MSG:   build = https://svn.apache.org/repos/asf/hadoop/common/branches/branch-1.2 -r 1503152; compiled by 'mattf' on Mon Jul 22 15:23:09 PDT 2013
STARTUP_MSG:   java = 1.8.0_73
************************************************************/
2016-04-26 08:52:02,699 INFO org.apache.hadoop.metrics2.impl.MetricsConfig: loaded properties from hadoop-metrics2.properties
2016-04-26 08:52:02,708 INFO org.apache.hadoop.metrics2.impl.MetricsSourceAdapter: MBean for source MetricsSystem,sub=Stats registered.
2016-04-26 08:52:02,709 INFO org.apache.hadoop.metrics2.impl.MetricsSystemImpl: Scheduled snapshot period at 10 second(s).
2016-04-26 08:52:02,709 INFO org.apache.hadoop.metrics2.impl.MetricsSystemImpl: NameNode metrics system started
2016-04-26 08:52:02,840 INFO org.apache.hadoop.metrics2.impl.MetricsSourceAdapter: MBean for source ugi registered.
2016-04-26 08:52:02,844 WARN org.apache.hadoop.metrics2.impl.MetricsSystemImpl: Source name ugi already exists!
2016-04-26 08:52:02,850 INFO org.apache.hadoop.metrics2.impl.MetricsSourceAdapter: MBean for source jvm registered.
2016-04-26 08:52:02,851 INFO org.apache.hadoop.metrics2.impl.MetricsSourceAdapter: MBean for source NameNode registered.
2016-04-26 08:52:02,873 INFO org.apache.hadoop.hdfs.util.GSet: Computing capacity for map BlocksMap
2016-04-26 08:52:02,873 INFO org.apache.hadoop.hdfs.util.GSet: VM type       = 64-bit
2016-04-26 08:52:02,873 INFO org.apache.hadoop.hdfs.util.GSet: 2.0% max memory = 932184064
2016-04-26 08:52:02,873 INFO org.apache.hadoop.hdfs.util.GSet: capacity      = 2^21 = 2097152 entries
2016-04-26 08:52:02,873 INFO org.apache.hadoop.hdfs.util.GSet: recommended=2097152, actual=2097152
2016-04-26 08:52:02,889 INFO org.apache.hadoop.hdfs.server.namenode.FSNamesystem: fsOwner=sunyan
2016-04-26 08:52:02,889 INFO org.apache.hadoop.hdfs.server.namenode.FSNamesystem: supergroup=supergroup
2016-04-26 08:52:02,889 INFO org.apache.hadoop.hdfs.server.namenode.FSNamesystem: isPermissionEnabled=true
2016-04-26 08:52:02,897 INFO org.apache.hadoop.hdfs.server.namenode.FSNamesystem: dfs.block.invalidate.limit=100
2016-04-26 08:52:02,897 INFO org.apache.hadoop.hdfs.server.namenode.FSNamesystem: isAccessTokenEnabled=false accessKeyUpdateInterval=0 min(s), accessTokenLifetime=0 min(s)
2016-04-26 08:52:03,175 INFO org.apache.hadoop.hdfs.server.namenode.FSNamesystem: Registered FSNamesystemStateMBean and NameNodeMXBean
2016-04-26 08:52:03,204 INFO org.apache.hadoop.hdfs.server.namenode.FSEditLog: dfs.namenode.edits.toleration.length = 0
2016-04-26 08:52:03,204 INFO org.apache.hadoop.hdfs.server.namenode.NameNode: Caching file names occuring more than 10 times 
2016-04-26 08:52:03,251 ERROR org.apache.hadoop.hdfs.server.namenode.FSNamesystem: FSNamesystem initialization failed.
java.io.IOException: NameNode is not formatted.
	at org.apache.hadoop.hdfs.server.namenode.FSImage.recoverTransitionRead(FSImage.java:331)
	at org.apache.hadoop.hdfs.server.namenode.FSDirectory.loadFSImage(FSDirectory.java:104)
	at org.apache.hadoop.hdfs.server.namenode.FSNamesystem.initialize(FSNamesystem.java:427)
	at org.apache.hadoop.hdfs.server.namenode.FSNamesystem.<init>(FSNamesystem.java:395)
	at org.apache.hadoop.hdfs.server.namenode.NameNode.initialize(NameNode.java:299)
	at org.apache.hadoop.hdfs.server.namenode.NameNode.<init>(NameNode.java:569)
	at org.apache.hadoop.hdfs.server.namenode.NameNode.createNameNode(NameNode.java:1479)
	at org.apache.hadoop.hdfs.server.namenode.NameNode.main(NameNode.java:1488)
2016-04-26 08:52:03,261 ERROR org.apache.hadoop.hdfs.server.namenode.NameNode: java.io.IOException: NameNode is not formatted.
	at org.apache.hadoop.hdfs.server.namenode.FSImage.recoverTransitionRead(FSImage.java:331)
	at org.apache.hadoop.hdfs.server.namenode.FSDirectory.loadFSImage(FSDirectory.java:104)
	at org.apache.hadoop.hdfs.server.namenode.FSNamesystem.initialize(FSNamesystem.java:427)
	at org.apache.hadoop.hdfs.server.namenode.FSNamesystem.<init>(FSNamesystem.java:395)
	at org.apache.hadoop.hdfs.server.namenode.NameNode.initialize(NameNode.java:299)
	at org.apache.hadoop.hdfs.server.namenode.NameNode.<init>(NameNode.java:569)
	at org.apache.hadoop.hdfs.server.namenode.NameNode.createNameNode(NameNode.java:1479)
	at org.apache.hadoop.hdfs.server.namenode.NameNode.main(NameNode.java:1488)

2016-04-26 08:52:03,262 INFO org.apache.hadoop.hdfs.server.namenode.NameNode: SHUTDOWN_MSG: 
/************************************************************
SHUTDOWN_MSG: Shutting down NameNode at myhost/127.0.1.1
************************************************************/
2016-04-26 09:17:50,017 INFO org.apache.hadoop.hdfs.server.namenode.NameNode: STARTUP_MSG: 
/************************************************************
STARTUP_MSG: Starting NameNode
STARTUP_MSG:   host = myhost/127.0.1.1
STARTUP_MSG:   args = []
STARTUP_MSG:   version = 1.2.1
STARTUP_MSG:   build = https://svn.apache.org/repos/asf/hadoop/common/branches/branch-1.2 -r 1503152; compiled by 'mattf' on Mon Jul 22 15:23:09 PDT 2013
STARTUP_MSG:   java = 1.8.0_73
************************************************************/
2016-04-26 09:17:50,153 INFO org.apache.hadoop.metrics2.impl.MetricsConfig: loaded properties from hadoop-metrics2.properties
2016-04-26 09:17:50,161 INFO org.apache.hadoop.metrics2.impl.MetricsSourceAdapter: MBean for source MetricsSystem,sub=Stats registered.
2016-04-26 09:17:50,161 INFO org.apache.hadoop.metrics2.impl.MetricsSystemImpl: Scheduled snapshot period at 10 second(s).
2016-04-26 09:17:50,161 INFO org.apache.hadoop.metrics2.impl.MetricsSystemImpl: NameNode metrics system started
2016-04-26 09:17:50,288 INFO org.apache.hadoop.metrics2.impl.MetricsSourceAdapter: MBean for source ugi registered.
2016-04-26 09:17:50,292 WARN org.apache.hadoop.metrics2.impl.MetricsSystemImpl: Source name ugi already exists!
2016-04-26 09:17:50,297 INFO org.apache.hadoop.metrics2.impl.MetricsSourceAdapter: MBean for source jvm registered.
2016-04-26 09:17:50,299 INFO org.apache.hadoop.metrics2.impl.MetricsSourceAdapter: MBean for source NameNode registered.
2016-04-26 09:17:50,324 INFO org.apache.hadoop.hdfs.util.GSet: Computing capacity for map BlocksMap
2016-04-26 09:17:50,324 INFO org.apache.hadoop.hdfs.util.GSet: VM type       = 64-bit
2016-04-26 09:17:50,324 INFO org.apache.hadoop.hdfs.util.GSet: 2.0% max memory = 932184064
2016-04-26 09:17:50,324 INFO org.apache.hadoop.hdfs.util.GSet: capacity      = 2^21 = 2097152 entries
2016-04-26 09:17:50,324 INFO org.apache.hadoop.hdfs.util.GSet: recommended=2097152, actual=2097152
2016-04-26 09:17:50,341 INFO org.apache.hadoop.hdfs.server.namenode.FSNamesystem: fsOwner=sunyan
2016-04-26 09:17:50,341 INFO org.apache.hadoop.hdfs.server.namenode.FSNamesystem: supergroup=supergroup
2016-04-26 09:17:50,342 INFO org.apache.hadoop.hdfs.server.namenode.FSNamesystem: isPermissionEnabled=true
2016-04-26 09:17:50,352 INFO org.apache.hadoop.hdfs.server.namenode.FSNamesystem: dfs.block.invalidate.limit=100
2016-04-26 09:17:50,352 INFO org.apache.hadoop.hdfs.server.namenode.FSNamesystem: isAccessTokenEnabled=false accessKeyUpdateInterval=0 min(s), accessTokenLifetime=0 min(s)
2016-04-26 09:17:50,617 INFO org.apache.hadoop.hdfs.server.namenode.FSNamesystem: Registered FSNamesystemStateMBean and NameNodeMXBean
2016-04-26 09:17:50,633 INFO org.apache.hadoop.hdfs.server.namenode.FSEditLog: dfs.namenode.edits.toleration.length = 0
2016-04-26 09:17:50,633 INFO org.apache.hadoop.hdfs.server.namenode.NameNode: Caching file names occuring more than 10 times 
2016-04-26 09:17:50,641 ERROR org.apache.hadoop.hdfs.server.namenode.FSNamesystem: FSNamesystem initialization failed.
java.io.IOException: NameNode is not formatted.
	at org.apache.hadoop.hdfs.server.namenode.FSImage.recoverTransitionRead(FSImage.java:331)
	at org.apache.hadoop.hdfs.server.namenode.FSDirectory.loadFSImage(FSDirectory.java:104)
	at org.apache.hadoop.hdfs.server.namenode.FSNamesystem.initialize(FSNamesystem.java:427)
	at org.apache.hadoop.hdfs.server.namenode.FSNamesystem.<init>(FSNamesystem.java:395)
	at org.apache.hadoop.hdfs.server.namenode.NameNode.initialize(NameNode.java:299)
	at org.apache.hadoop.hdfs.server.namenode.NameNode.<init>(NameNode.java:569)
	at org.apache.hadoop.hdfs.server.namenode.NameNode.createNameNode(NameNode.java:1479)
	at org.apache.hadoop.hdfs.server.namenode.NameNode.main(NameNode.java:1488)
2016-04-26 09:17:50,653 ERROR org.apache.hadoop.hdfs.server.namenode.NameNode: java.io.IOException: NameNode is not formatted.
	at org.apache.hadoop.hdfs.server.namenode.FSImage.recoverTransitionRead(FSImage.java:331)
	at org.apache.hadoop.hdfs.server.namenode.FSDirectory.loadFSImage(FSDirectory.java:104)
	at org.apache.hadoop.hdfs.server.namenode.FSNamesystem.initialize(FSNamesystem.java:427)
	at org.apache.hadoop.hdfs.server.namenode.FSNamesystem.<init>(FSNamesystem.java:395)
	at org.apache.hadoop.hdfs.server.namenode.NameNode.initialize(NameNode.java:299)
	at org.apache.hadoop.hdfs.server.namenode.NameNode.<init>(NameNode.java:569)
	at org.apache.hadoop.hdfs.server.namenode.NameNode.createNameNode(NameNode.java:1479)
	at org.apache.hadoop.hdfs.server.namenode.NameNode.main(NameNode.java:1488)

2016-04-26 09:17:50,654 INFO org.apache.hadoop.hdfs.server.namenode.NameNode: SHUTDOWN_MSG: 
/************************************************************
SHUTDOWN_MSG: Shutting down NameNode at myhost/127.0.1.1
************************************************************/
2016-04-26 09:19:14,649 INFO org.apache.hadoop.hdfs.server.namenode.NameNode: STARTUP_MSG: 
/************************************************************
STARTUP_MSG: Starting NameNode
STARTUP_MSG:   host = myhost/127.0.1.1
STARTUP_MSG:   args = []
STARTUP_MSG:   version = 1.2.1
STARTUP_MSG:   build = https://svn.apache.org/repos/asf/hadoop/common/branches/branch-1.2 -r 1503152; compiled by 'mattf' on Mon Jul 22 15:23:09 PDT 2013
STARTUP_MSG:   java = 1.8.0_73
************************************************************/
2016-04-26 09:19:14,793 INFO org.apache.hadoop.metrics2.impl.MetricsConfig: loaded properties from hadoop-metrics2.properties
2016-04-26 09:19:14,801 INFO org.apache.hadoop.metrics2.impl.MetricsSourceAdapter: MBean for source MetricsSystem,sub=Stats registered.
2016-04-26 09:19:14,802 INFO org.apache.hadoop.metrics2.impl.MetricsSystemImpl: Scheduled snapshot period at 10 second(s).
2016-04-26 09:19:14,802 INFO org.apache.hadoop.metrics2.impl.MetricsSystemImpl: NameNode metrics system started
2016-04-26 09:19:14,933 INFO org.apache.hadoop.metrics2.impl.MetricsSourceAdapter: MBean for source ugi registered.
2016-04-26 09:19:14,937 WARN org.apache.hadoop.metrics2.impl.MetricsSystemImpl: Source name ugi already exists!
2016-04-26 09:19:14,943 INFO org.apache.hadoop.metrics2.impl.MetricsSourceAdapter: MBean for source jvm registered.
2016-04-26 09:19:14,944 INFO org.apache.hadoop.metrics2.impl.MetricsSourceAdapter: MBean for source NameNode registered.
2016-04-26 09:19:14,966 INFO org.apache.hadoop.hdfs.util.GSet: Computing capacity for map BlocksMap
2016-04-26 09:19:14,966 INFO org.apache.hadoop.hdfs.util.GSet: VM type       = 64-bit
2016-04-26 09:19:14,966 INFO org.apache.hadoop.hdfs.util.GSet: 2.0% max memory = 932184064
2016-04-26 09:19:14,966 INFO org.apache.hadoop.hdfs.util.GSet: capacity      = 2^21 = 2097152 entries
2016-04-26 09:19:14,967 INFO org.apache.hadoop.hdfs.util.GSet: recommended=2097152, actual=2097152
2016-04-26 09:19:14,982 INFO org.apache.hadoop.hdfs.server.namenode.FSNamesystem: fsOwner=sunyan
2016-04-26 09:19:14,982 INFO org.apache.hadoop.hdfs.server.namenode.FSNamesystem: supergroup=supergroup
2016-04-26 09:19:14,982 INFO org.apache.hadoop.hdfs.server.namenode.FSNamesystem: isPermissionEnabled=true
2016-04-26 09:19:14,990 INFO org.apache.hadoop.hdfs.server.namenode.FSNamesystem: dfs.block.invalidate.limit=100
2016-04-26 09:19:14,990 INFO org.apache.hadoop.hdfs.server.namenode.FSNamesystem: isAccessTokenEnabled=false accessKeyUpdateInterval=0 min(s), accessTokenLifetime=0 min(s)
2016-04-26 09:19:15,257 INFO org.apache.hadoop.hdfs.server.namenode.FSNamesystem: Registered FSNamesystemStateMBean and NameNodeMXBean
2016-04-26 09:19:15,286 INFO org.apache.hadoop.hdfs.server.namenode.FSEditLog: dfs.namenode.edits.toleration.length = 0
2016-04-26 09:19:15,286 INFO org.apache.hadoop.hdfs.server.namenode.NameNode: Caching file names occuring more than 10 times 
2016-04-26 09:19:15,298 ERROR org.apache.hadoop.hdfs.server.namenode.FSNamesystem: FSNamesystem initialization failed.
java.io.IOException: NameNode is not formatted.
	at org.apache.hadoop.hdfs.server.namenode.FSImage.recoverTransitionRead(FSImage.java:331)
	at org.apache.hadoop.hdfs.server.namenode.FSDirectory.loadFSImage(FSDirectory.java:104)
	at org.apache.hadoop.hdfs.server.namenode.FSNamesystem.initialize(FSNamesystem.java:427)
	at org.apache.hadoop.hdfs.server.namenode.FSNamesystem.<init>(FSNamesystem.java:395)
	at org.apache.hadoop.hdfs.server.namenode.NameNode.initialize(NameNode.java:299)
	at org.apache.hadoop.hdfs.server.namenode.NameNode.<init>(NameNode.java:569)
	at org.apache.hadoop.hdfs.server.namenode.NameNode.createNameNode(NameNode.java:1479)
	at org.apache.hadoop.hdfs.server.namenode.NameNode.main(NameNode.java:1488)
2016-04-26 09:19:15,311 ERROR org.apache.hadoop.hdfs.server.namenode.NameNode: java.io.IOException: NameNode is not formatted.
	at org.apache.hadoop.hdfs.server.namenode.FSImage.recoverTransitionRead(FSImage.java:331)
	at org.apache.hadoop.hdfs.server.namenode.FSDirectory.loadFSImage(FSDirectory.java:104)
	at org.apache.hadoop.hdfs.server.namenode.FSNamesystem.initialize(FSNamesystem.java:427)
	at org.apache.hadoop.hdfs.server.namenode.FSNamesystem.<init>(FSNamesystem.java:395)
	at org.apache.hadoop.hdfs.server.namenode.NameNode.initialize(NameNode.java:299)
	at org.apache.hadoop.hdfs.server.namenode.NameNode.<init>(NameNode.java:569)
	at org.apache.hadoop.hdfs.server.namenode.NameNode.createNameNode(NameNode.java:1479)
	at org.apache.hadoop.hdfs.server.namenode.NameNode.main(NameNode.java:1488)

2016-04-26 09:19:15,311 INFO org.apache.hadoop.hdfs.server.namenode.NameNode: SHUTDOWN_MSG: 
/************************************************************
SHUTDOWN_MSG: Shutting down NameNode at myhost/127.0.1.1
************************************************************/
